ARM GAS  C:\Users\Sam\AppData\Local\Temp\ccFH1efk.s 			page 1


   1              		.cpu cortex-m0
   2              		.fpu softvfp
   3              		.eabi_attribute 20, 1
   4              		.eabi_attribute 21, 1
   5              		.eabi_attribute 23, 3
   6              		.eabi_attribute 24, 1
   7              		.eabi_attribute 25, 1
   8              		.eabi_attribute 26, 1
   9              		.eabi_attribute 30, 6
  10              		.eabi_attribute 34, 0
  11              		.eabi_attribute 18, 4
  12              		.code	16
  13              		.file	"EndOfMessage.c"
  14              		.text
  15              	.Ltext0:
  16              		.cfi_sections	.debug_frame
  17              		.section	.text.EndOfMessage_Start,"ax",%progbits
  18              		.align	2
  19              		.global	EndOfMessage_Start
  20              		.code	16
  21              		.thumb_func
  22              		.type	EndOfMessage_Start, %function
  23              	EndOfMessage_Start:
  24              	.LFB0:
  25              		.file 1 ".\\Generated_Source\\PSoC4\\EndOfMessage.c"
   1:.\Generated_Source\PSoC4/EndOfMessage.c **** /*******************************************************************************
   2:.\Generated_Source\PSoC4/EndOfMessage.c **** * File Name: EndOfMessage.c  
   3:.\Generated_Source\PSoC4/EndOfMessage.c **** * Version 1.70
   4:.\Generated_Source\PSoC4/EndOfMessage.c **** *
   5:.\Generated_Source\PSoC4/EndOfMessage.c **** *  Description:
   6:.\Generated_Source\PSoC4/EndOfMessage.c **** *   API for controlling the state of an interrupt.
   7:.\Generated_Source\PSoC4/EndOfMessage.c **** *
   8:.\Generated_Source\PSoC4/EndOfMessage.c **** *
   9:.\Generated_Source\PSoC4/EndOfMessage.c **** *  Note:
  10:.\Generated_Source\PSoC4/EndOfMessage.c **** *
  11:.\Generated_Source\PSoC4/EndOfMessage.c **** ********************************************************************************
  12:.\Generated_Source\PSoC4/EndOfMessage.c **** * Copyright 2008-2012, Cypress Semiconductor Corporation.  All rights reserved.
  13:.\Generated_Source\PSoC4/EndOfMessage.c **** * You may use this file only in accordance with the license, terms, conditions, 
  14:.\Generated_Source\PSoC4/EndOfMessage.c **** * disclaimers, and limitations in the end user license agreement accompanying 
  15:.\Generated_Source\PSoC4/EndOfMessage.c **** * the software package with which this file was provided.
  16:.\Generated_Source\PSoC4/EndOfMessage.c **** *******************************************************************************/
  17:.\Generated_Source\PSoC4/EndOfMessage.c **** 
  18:.\Generated_Source\PSoC4/EndOfMessage.c **** 
  19:.\Generated_Source\PSoC4/EndOfMessage.c **** #include <cydevice_trm.h>
  20:.\Generated_Source\PSoC4/EndOfMessage.c **** #include <CyLib.h>
  21:.\Generated_Source\PSoC4/EndOfMessage.c **** #include <EndOfMessage.h>
  22:.\Generated_Source\PSoC4/EndOfMessage.c **** 
  23:.\Generated_Source\PSoC4/EndOfMessage.c **** #if !defined(EndOfMessage__REMOVED) /* Check for removal by optimization */
  24:.\Generated_Source\PSoC4/EndOfMessage.c **** 
  25:.\Generated_Source\PSoC4/EndOfMessage.c **** /*******************************************************************************
  26:.\Generated_Source\PSoC4/EndOfMessage.c **** *  Place your includes, defines and code here 
  27:.\Generated_Source\PSoC4/EndOfMessage.c **** ********************************************************************************/
  28:.\Generated_Source\PSoC4/EndOfMessage.c **** /* `#START EndOfMessage_intc` */
  29:.\Generated_Source\PSoC4/EndOfMessage.c **** 
  30:.\Generated_Source\PSoC4/EndOfMessage.c **** /* `#END` */
  31:.\Generated_Source\PSoC4/EndOfMessage.c **** 
  32:.\Generated_Source\PSoC4/EndOfMessage.c **** extern cyisraddress CyRamVectors[CYINT_IRQ_BASE + CY_NUM_INTERRUPTS];
ARM GAS  C:\Users\Sam\AppData\Local\Temp\ccFH1efk.s 			page 2


  33:.\Generated_Source\PSoC4/EndOfMessage.c **** 
  34:.\Generated_Source\PSoC4/EndOfMessage.c **** /* Declared in startup, used to set unused interrupts to. */
  35:.\Generated_Source\PSoC4/EndOfMessage.c **** CY_ISR_PROTO(IntDefaultHandler);
  36:.\Generated_Source\PSoC4/EndOfMessage.c **** 
  37:.\Generated_Source\PSoC4/EndOfMessage.c **** 
  38:.\Generated_Source\PSoC4/EndOfMessage.c **** /*******************************************************************************
  39:.\Generated_Source\PSoC4/EndOfMessage.c **** * Function Name: EndOfMessage_Start
  40:.\Generated_Source\PSoC4/EndOfMessage.c **** ********************************************************************************
  41:.\Generated_Source\PSoC4/EndOfMessage.c **** *
  42:.\Generated_Source\PSoC4/EndOfMessage.c **** * Summary:
  43:.\Generated_Source\PSoC4/EndOfMessage.c **** *  Set up the interrupt and enable it.
  44:.\Generated_Source\PSoC4/EndOfMessage.c **** *
  45:.\Generated_Source\PSoC4/EndOfMessage.c **** * Parameters:  
  46:.\Generated_Source\PSoC4/EndOfMessage.c **** *   None
  47:.\Generated_Source\PSoC4/EndOfMessage.c **** *
  48:.\Generated_Source\PSoC4/EndOfMessage.c **** * Return:
  49:.\Generated_Source\PSoC4/EndOfMessage.c **** *   None
  50:.\Generated_Source\PSoC4/EndOfMessage.c **** *
  51:.\Generated_Source\PSoC4/EndOfMessage.c **** *******************************************************************************/
  52:.\Generated_Source\PSoC4/EndOfMessage.c **** void EndOfMessage_Start(void)
  53:.\Generated_Source\PSoC4/EndOfMessage.c **** {
  26              		.loc 1 53 0
  27              		.cfi_startproc
  28 0000 80B5     		push	{r7, lr}
  29              		.cfi_def_cfa_offset 8
  30              		.cfi_offset 7, -8
  31              		.cfi_offset 14, -4
  32 0002 00AF     		add	r7, sp, #0
  33              		.cfi_def_cfa_register 7
  54:.\Generated_Source\PSoC4/EndOfMessage.c ****     /* For all we know the interrupt is active. */
  55:.\Generated_Source\PSoC4/EndOfMessage.c ****     EndOfMessage_Disable();
  34              		.loc 1 55 0
  35 0004 FFF7FEFF 		bl	EndOfMessage_Disable
  56:.\Generated_Source\PSoC4/EndOfMessage.c **** 
  57:.\Generated_Source\PSoC4/EndOfMessage.c ****     /* Set the ISR to point to the EndOfMessage Interrupt. */
  58:.\Generated_Source\PSoC4/EndOfMessage.c ****     EndOfMessage_SetVector(&EndOfMessage_Interrupt);
  36              		.loc 1 58 0
  37 0008 054B     		ldr	r3, .L2
  38 000a 181C     		mov	r0, r3
  39 000c FFF7FEFF 		bl	EndOfMessage_SetVector
  59:.\Generated_Source\PSoC4/EndOfMessage.c **** 
  60:.\Generated_Source\PSoC4/EndOfMessage.c ****     /* Set the priority. */
  61:.\Generated_Source\PSoC4/EndOfMessage.c ****     EndOfMessage_SetPriority((uint8)EndOfMessage_INTC_PRIOR_NUMBER);
  40              		.loc 1 61 0
  41 0010 0020     		mov	r0, #0
  42 0012 FFF7FEFF 		bl	EndOfMessage_SetPriority
  62:.\Generated_Source\PSoC4/EndOfMessage.c **** 
  63:.\Generated_Source\PSoC4/EndOfMessage.c ****     /* Enable it. */
  64:.\Generated_Source\PSoC4/EndOfMessage.c ****     EndOfMessage_Enable();
  43              		.loc 1 64 0
  44 0016 FFF7FEFF 		bl	EndOfMessage_Enable
  65:.\Generated_Source\PSoC4/EndOfMessage.c **** }
  45              		.loc 1 65 0
  46 001a BD46     		mov	sp, r7
  47              		@ sp needed
  48 001c 80BD     		pop	{r7, pc}
  49              	.L3:
ARM GAS  C:\Users\Sam\AppData\Local\Temp\ccFH1efk.s 			page 3


  50 001e C046     		.align	2
  51              	.L2:
  52 0020 00000000 		.word	EndOfMessage_Interrupt
  53              		.cfi_endproc
  54              	.LFE0:
  55              		.size	EndOfMessage_Start, .-EndOfMessage_Start
  56              		.section	.text.EndOfMessage_StartEx,"ax",%progbits
  57              		.align	2
  58              		.global	EndOfMessage_StartEx
  59              		.code	16
  60              		.thumb_func
  61              		.type	EndOfMessage_StartEx, %function
  62              	EndOfMessage_StartEx:
  63              	.LFB1:
  66:.\Generated_Source\PSoC4/EndOfMessage.c **** 
  67:.\Generated_Source\PSoC4/EndOfMessage.c **** 
  68:.\Generated_Source\PSoC4/EndOfMessage.c **** /*******************************************************************************
  69:.\Generated_Source\PSoC4/EndOfMessage.c **** * Function Name: EndOfMessage_StartEx
  70:.\Generated_Source\PSoC4/EndOfMessage.c **** ********************************************************************************
  71:.\Generated_Source\PSoC4/EndOfMessage.c **** *
  72:.\Generated_Source\PSoC4/EndOfMessage.c **** * Summary:
  73:.\Generated_Source\PSoC4/EndOfMessage.c **** *  Set up the interrupt and enable it.
  74:.\Generated_Source\PSoC4/EndOfMessage.c **** *
  75:.\Generated_Source\PSoC4/EndOfMessage.c **** * Parameters:  
  76:.\Generated_Source\PSoC4/EndOfMessage.c **** *   address: Address of the ISR to set in the interrupt vector table.
  77:.\Generated_Source\PSoC4/EndOfMessage.c **** *
  78:.\Generated_Source\PSoC4/EndOfMessage.c **** * Return:
  79:.\Generated_Source\PSoC4/EndOfMessage.c **** *   None
  80:.\Generated_Source\PSoC4/EndOfMessage.c **** *
  81:.\Generated_Source\PSoC4/EndOfMessage.c **** *******************************************************************************/
  82:.\Generated_Source\PSoC4/EndOfMessage.c **** void EndOfMessage_StartEx(cyisraddress address)
  83:.\Generated_Source\PSoC4/EndOfMessage.c **** {
  64              		.loc 1 83 0
  65              		.cfi_startproc
  66 0000 80B5     		push	{r7, lr}
  67              		.cfi_def_cfa_offset 8
  68              		.cfi_offset 7, -8
  69              		.cfi_offset 14, -4
  70 0002 82B0     		sub	sp, sp, #8
  71              		.cfi_def_cfa_offset 16
  72 0004 00AF     		add	r7, sp, #0
  73              		.cfi_def_cfa_register 7
  74 0006 7860     		str	r0, [r7, #4]
  84:.\Generated_Source\PSoC4/EndOfMessage.c ****     /* For all we know the interrupt is active. */
  85:.\Generated_Source\PSoC4/EndOfMessage.c ****     EndOfMessage_Disable();
  75              		.loc 1 85 0
  76 0008 FFF7FEFF 		bl	EndOfMessage_Disable
  86:.\Generated_Source\PSoC4/EndOfMessage.c **** 
  87:.\Generated_Source\PSoC4/EndOfMessage.c ****     /* Set the ISR to point to the EndOfMessage Interrupt. */
  88:.\Generated_Source\PSoC4/EndOfMessage.c ****     EndOfMessage_SetVector(address);
  77              		.loc 1 88 0
  78 000c 7B68     		ldr	r3, [r7, #4]
  79 000e 181C     		mov	r0, r3
  80 0010 FFF7FEFF 		bl	EndOfMessage_SetVector
  89:.\Generated_Source\PSoC4/EndOfMessage.c **** 
  90:.\Generated_Source\PSoC4/EndOfMessage.c ****     /* Set the priority. */
  91:.\Generated_Source\PSoC4/EndOfMessage.c ****     EndOfMessage_SetPriority((uint8)EndOfMessage_INTC_PRIOR_NUMBER);
ARM GAS  C:\Users\Sam\AppData\Local\Temp\ccFH1efk.s 			page 4


  81              		.loc 1 91 0
  82 0014 0020     		mov	r0, #0
  83 0016 FFF7FEFF 		bl	EndOfMessage_SetPriority
  92:.\Generated_Source\PSoC4/EndOfMessage.c **** 
  93:.\Generated_Source\PSoC4/EndOfMessage.c ****     /* Enable it. */
  94:.\Generated_Source\PSoC4/EndOfMessage.c ****     EndOfMessage_Enable();
  84              		.loc 1 94 0
  85 001a FFF7FEFF 		bl	EndOfMessage_Enable
  95:.\Generated_Source\PSoC4/EndOfMessage.c **** }
  86              		.loc 1 95 0
  87 001e BD46     		mov	sp, r7
  88 0020 02B0     		add	sp, sp, #8
  89              		@ sp needed
  90 0022 80BD     		pop	{r7, pc}
  91              		.cfi_endproc
  92              	.LFE1:
  93              		.size	EndOfMessage_StartEx, .-EndOfMessage_StartEx
  94              		.section	.text.EndOfMessage_Stop,"ax",%progbits
  95              		.align	2
  96              		.global	EndOfMessage_Stop
  97              		.code	16
  98              		.thumb_func
  99              		.type	EndOfMessage_Stop, %function
 100              	EndOfMessage_Stop:
 101              	.LFB2:
  96:.\Generated_Source\PSoC4/EndOfMessage.c **** 
  97:.\Generated_Source\PSoC4/EndOfMessage.c **** 
  98:.\Generated_Source\PSoC4/EndOfMessage.c **** /*******************************************************************************
  99:.\Generated_Source\PSoC4/EndOfMessage.c **** * Function Name: EndOfMessage_Stop
 100:.\Generated_Source\PSoC4/EndOfMessage.c **** ********************************************************************************
 101:.\Generated_Source\PSoC4/EndOfMessage.c **** *
 102:.\Generated_Source\PSoC4/EndOfMessage.c **** * Summary:
 103:.\Generated_Source\PSoC4/EndOfMessage.c **** *   Disables and removes the interrupt.
 104:.\Generated_Source\PSoC4/EndOfMessage.c **** *
 105:.\Generated_Source\PSoC4/EndOfMessage.c **** * Parameters:  
 106:.\Generated_Source\PSoC4/EndOfMessage.c **** *
 107:.\Generated_Source\PSoC4/EndOfMessage.c **** * Return:
 108:.\Generated_Source\PSoC4/EndOfMessage.c **** *   None
 109:.\Generated_Source\PSoC4/EndOfMessage.c **** *
 110:.\Generated_Source\PSoC4/EndOfMessage.c **** *******************************************************************************/
 111:.\Generated_Source\PSoC4/EndOfMessage.c **** void EndOfMessage_Stop(void)
 112:.\Generated_Source\PSoC4/EndOfMessage.c **** {
 102              		.loc 1 112 0
 103              		.cfi_startproc
 104 0000 80B5     		push	{r7, lr}
 105              		.cfi_def_cfa_offset 8
 106              		.cfi_offset 7, -8
 107              		.cfi_offset 14, -4
 108 0002 00AF     		add	r7, sp, #0
 109              		.cfi_def_cfa_register 7
 113:.\Generated_Source\PSoC4/EndOfMessage.c ****     /* Disable this interrupt. */
 114:.\Generated_Source\PSoC4/EndOfMessage.c ****     EndOfMessage_Disable();
 110              		.loc 1 114 0
 111 0004 FFF7FEFF 		bl	EndOfMessage_Disable
 115:.\Generated_Source\PSoC4/EndOfMessage.c **** 
 116:.\Generated_Source\PSoC4/EndOfMessage.c ****     /* Set the ISR to point to the passive one. */
 117:.\Generated_Source\PSoC4/EndOfMessage.c ****     EndOfMessage_SetVector(&IntDefaultHandler);
ARM GAS  C:\Users\Sam\AppData\Local\Temp\ccFH1efk.s 			page 5


 112              		.loc 1 117 0
 113 0008 024B     		ldr	r3, .L6
 114 000a 181C     		mov	r0, r3
 115 000c FFF7FEFF 		bl	EndOfMessage_SetVector
 118:.\Generated_Source\PSoC4/EndOfMessage.c **** }
 116              		.loc 1 118 0
 117 0010 BD46     		mov	sp, r7
 118              		@ sp needed
 119 0012 80BD     		pop	{r7, pc}
 120              	.L7:
 121              		.align	2
 122              	.L6:
 123 0014 00000000 		.word	IntDefaultHandler
 124              		.cfi_endproc
 125              	.LFE2:
 126              		.size	EndOfMessage_Stop, .-EndOfMessage_Stop
 127              		.section	.text.EndOfMessage_Interrupt,"ax",%progbits
 128              		.align	2
 129              		.global	EndOfMessage_Interrupt
 130              		.code	16
 131              		.thumb_func
 132              		.type	EndOfMessage_Interrupt, %function
 133              	EndOfMessage_Interrupt:
 134              	.LFB3:
 119:.\Generated_Source\PSoC4/EndOfMessage.c **** 
 120:.\Generated_Source\PSoC4/EndOfMessage.c **** 
 121:.\Generated_Source\PSoC4/EndOfMessage.c **** /*******************************************************************************
 122:.\Generated_Source\PSoC4/EndOfMessage.c **** * Function Name: EndOfMessage_Interrupt
 123:.\Generated_Source\PSoC4/EndOfMessage.c **** ********************************************************************************
 124:.\Generated_Source\PSoC4/EndOfMessage.c **** *
 125:.\Generated_Source\PSoC4/EndOfMessage.c **** * Summary:
 126:.\Generated_Source\PSoC4/EndOfMessage.c **** *   The default Interrupt Service Routine for EndOfMessage.
 127:.\Generated_Source\PSoC4/EndOfMessage.c **** *
 128:.\Generated_Source\PSoC4/EndOfMessage.c **** *   Add custom code between the coments to keep the next version of this file
 129:.\Generated_Source\PSoC4/EndOfMessage.c **** *   from over writting your code.
 130:.\Generated_Source\PSoC4/EndOfMessage.c **** *
 131:.\Generated_Source\PSoC4/EndOfMessage.c **** * Parameters:  
 132:.\Generated_Source\PSoC4/EndOfMessage.c **** *   None
 133:.\Generated_Source\PSoC4/EndOfMessage.c **** *
 134:.\Generated_Source\PSoC4/EndOfMessage.c **** * Return:
 135:.\Generated_Source\PSoC4/EndOfMessage.c **** *   None
 136:.\Generated_Source\PSoC4/EndOfMessage.c **** *
 137:.\Generated_Source\PSoC4/EndOfMessage.c **** *******************************************************************************/
 138:.\Generated_Source\PSoC4/EndOfMessage.c **** CY_ISR(EndOfMessage_Interrupt)
 139:.\Generated_Source\PSoC4/EndOfMessage.c **** {
 135              		.loc 1 139 0
 136              		.cfi_startproc
 137 0000 80B5     		push	{r7, lr}
 138              		.cfi_def_cfa_offset 8
 139              		.cfi_offset 7, -8
 140              		.cfi_offset 14, -4
 141 0002 00AF     		add	r7, sp, #0
 142              		.cfi_def_cfa_register 7
 140:.\Generated_Source\PSoC4/EndOfMessage.c ****     /*  Place your Interrupt code here. */
 141:.\Generated_Source\PSoC4/EndOfMessage.c ****     /* `#START EndOfMessage_Interrupt` */
 142:.\Generated_Source\PSoC4/EndOfMessage.c **** 
 143:.\Generated_Source\PSoC4/EndOfMessage.c ****     /* `#END` */
ARM GAS  C:\Users\Sam\AppData\Local\Temp\ccFH1efk.s 			page 6


 144:.\Generated_Source\PSoC4/EndOfMessage.c **** }
 143              		.loc 1 144 0
 144 0004 BD46     		mov	sp, r7
 145              		@ sp needed
 146 0006 80BD     		pop	{r7, pc}
 147              		.cfi_endproc
 148              	.LFE3:
 149              		.size	EndOfMessage_Interrupt, .-EndOfMessage_Interrupt
 150              		.section	.text.EndOfMessage_SetVector,"ax",%progbits
 151              		.align	2
 152              		.global	EndOfMessage_SetVector
 153              		.code	16
 154              		.thumb_func
 155              		.type	EndOfMessage_SetVector, %function
 156              	EndOfMessage_SetVector:
 157              	.LFB4:
 145:.\Generated_Source\PSoC4/EndOfMessage.c **** 
 146:.\Generated_Source\PSoC4/EndOfMessage.c **** 
 147:.\Generated_Source\PSoC4/EndOfMessage.c **** /*******************************************************************************
 148:.\Generated_Source\PSoC4/EndOfMessage.c **** * Function Name: EndOfMessage_SetVector
 149:.\Generated_Source\PSoC4/EndOfMessage.c **** ********************************************************************************
 150:.\Generated_Source\PSoC4/EndOfMessage.c **** *
 151:.\Generated_Source\PSoC4/EndOfMessage.c **** * Summary:
 152:.\Generated_Source\PSoC4/EndOfMessage.c **** *   Change the ISR vector for the Interrupt. Note calling EndOfMessage_Start
 153:.\Generated_Source\PSoC4/EndOfMessage.c **** *   will override any effect this method would have had. To set the vector 
 154:.\Generated_Source\PSoC4/EndOfMessage.c **** *   before the component has been started use EndOfMessage_StartEx instead.
 155:.\Generated_Source\PSoC4/EndOfMessage.c **** *
 156:.\Generated_Source\PSoC4/EndOfMessage.c **** * Parameters:
 157:.\Generated_Source\PSoC4/EndOfMessage.c **** *   address: Address of the ISR to set in the interrupt vector table.
 158:.\Generated_Source\PSoC4/EndOfMessage.c **** *
 159:.\Generated_Source\PSoC4/EndOfMessage.c **** * Return:
 160:.\Generated_Source\PSoC4/EndOfMessage.c **** *   None
 161:.\Generated_Source\PSoC4/EndOfMessage.c **** *
 162:.\Generated_Source\PSoC4/EndOfMessage.c **** *******************************************************************************/
 163:.\Generated_Source\PSoC4/EndOfMessage.c **** void EndOfMessage_SetVector(cyisraddress address)
 164:.\Generated_Source\PSoC4/EndOfMessage.c **** {
 158              		.loc 1 164 0
 159              		.cfi_startproc
 160 0000 80B5     		push	{r7, lr}
 161              		.cfi_def_cfa_offset 8
 162              		.cfi_offset 7, -8
 163              		.cfi_offset 14, -4
 164 0002 82B0     		sub	sp, sp, #8
 165              		.cfi_def_cfa_offset 16
 166 0004 00AF     		add	r7, sp, #0
 167              		.cfi_def_cfa_register 7
 168 0006 7860     		str	r0, [r7, #4]
 165:.\Generated_Source\PSoC4/EndOfMessage.c ****     CyRamVectors[CYINT_IRQ_BASE + EndOfMessage__INTC_NUMBER] = address;
 169              		.loc 1 165 0
 170 0008 034A     		ldr	r2, .L10
 171 000a 8023     		mov	r3, #128
 172 000c 7968     		ldr	r1, [r7, #4]
 173 000e D150     		str	r1, [r2, r3]
 166:.\Generated_Source\PSoC4/EndOfMessage.c **** }
 174              		.loc 1 166 0
 175 0010 BD46     		mov	sp, r7
 176 0012 02B0     		add	sp, sp, #8
ARM GAS  C:\Users\Sam\AppData\Local\Temp\ccFH1efk.s 			page 7


 177              		@ sp needed
 178 0014 80BD     		pop	{r7, pc}
 179              	.L11:
 180 0016 C046     		.align	2
 181              	.L10:
 182 0018 00000000 		.word	CyRamVectors
 183              		.cfi_endproc
 184              	.LFE4:
 185              		.size	EndOfMessage_SetVector, .-EndOfMessage_SetVector
 186              		.section	.text.EndOfMessage_GetVector,"ax",%progbits
 187              		.align	2
 188              		.global	EndOfMessage_GetVector
 189              		.code	16
 190              		.thumb_func
 191              		.type	EndOfMessage_GetVector, %function
 192              	EndOfMessage_GetVector:
 193              	.LFB5:
 167:.\Generated_Source\PSoC4/EndOfMessage.c **** 
 168:.\Generated_Source\PSoC4/EndOfMessage.c **** 
 169:.\Generated_Source\PSoC4/EndOfMessage.c **** /*******************************************************************************
 170:.\Generated_Source\PSoC4/EndOfMessage.c **** * Function Name: EndOfMessage_GetVector
 171:.\Generated_Source\PSoC4/EndOfMessage.c **** ********************************************************************************
 172:.\Generated_Source\PSoC4/EndOfMessage.c **** *
 173:.\Generated_Source\PSoC4/EndOfMessage.c **** * Summary:
 174:.\Generated_Source\PSoC4/EndOfMessage.c **** *   Gets the "address" of the current ISR vector for the Interrupt.
 175:.\Generated_Source\PSoC4/EndOfMessage.c **** *
 176:.\Generated_Source\PSoC4/EndOfMessage.c **** * Parameters:
 177:.\Generated_Source\PSoC4/EndOfMessage.c **** *   None
 178:.\Generated_Source\PSoC4/EndOfMessage.c **** *
 179:.\Generated_Source\PSoC4/EndOfMessage.c **** * Return:
 180:.\Generated_Source\PSoC4/EndOfMessage.c **** *   Address of the ISR in the interrupt vector table.
 181:.\Generated_Source\PSoC4/EndOfMessage.c **** *
 182:.\Generated_Source\PSoC4/EndOfMessage.c **** *******************************************************************************/
 183:.\Generated_Source\PSoC4/EndOfMessage.c **** cyisraddress EndOfMessage_GetVector(void)
 184:.\Generated_Source\PSoC4/EndOfMessage.c **** {
 194              		.loc 1 184 0
 195              		.cfi_startproc
 196 0000 80B5     		push	{r7, lr}
 197              		.cfi_def_cfa_offset 8
 198              		.cfi_offset 7, -8
 199              		.cfi_offset 14, -4
 200 0002 00AF     		add	r7, sp, #0
 201              		.cfi_def_cfa_register 7
 185:.\Generated_Source\PSoC4/EndOfMessage.c ****     return CyRamVectors[CYINT_IRQ_BASE + EndOfMessage__INTC_NUMBER];
 202              		.loc 1 185 0
 203 0004 024A     		ldr	r2, .L14
 204 0006 8023     		mov	r3, #128
 205 0008 D358     		ldr	r3, [r2, r3]
 186:.\Generated_Source\PSoC4/EndOfMessage.c **** }
 206              		.loc 1 186 0
 207 000a 181C     		mov	r0, r3
 208 000c BD46     		mov	sp, r7
 209              		@ sp needed
 210 000e 80BD     		pop	{r7, pc}
 211              	.L15:
 212              		.align	2
 213              	.L14:
ARM GAS  C:\Users\Sam\AppData\Local\Temp\ccFH1efk.s 			page 8


 214 0010 00000000 		.word	CyRamVectors
 215              		.cfi_endproc
 216              	.LFE5:
 217              		.size	EndOfMessage_GetVector, .-EndOfMessage_GetVector
 218              		.section	.text.EndOfMessage_SetPriority,"ax",%progbits
 219              		.align	2
 220              		.global	EndOfMessage_SetPriority
 221              		.code	16
 222              		.thumb_func
 223              		.type	EndOfMessage_SetPriority, %function
 224              	EndOfMessage_SetPriority:
 225              	.LFB6:
 187:.\Generated_Source\PSoC4/EndOfMessage.c **** 
 188:.\Generated_Source\PSoC4/EndOfMessage.c **** 
 189:.\Generated_Source\PSoC4/EndOfMessage.c **** /*******************************************************************************
 190:.\Generated_Source\PSoC4/EndOfMessage.c **** * Function Name: EndOfMessage_SetPriority
 191:.\Generated_Source\PSoC4/EndOfMessage.c **** ********************************************************************************
 192:.\Generated_Source\PSoC4/EndOfMessage.c **** *
 193:.\Generated_Source\PSoC4/EndOfMessage.c **** * Summary:
 194:.\Generated_Source\PSoC4/EndOfMessage.c **** *   Sets the Priority of the Interrupt. Note calling EndOfMessage_Start
 195:.\Generated_Source\PSoC4/EndOfMessage.c **** *   or EndOfMessage_StartEx will override any effect this method would 
 196:.\Generated_Source\PSoC4/EndOfMessage.c **** *   have had. This method should only be called after EndOfMessage_Start or 
 197:.\Generated_Source\PSoC4/EndOfMessage.c **** *   EndOfMessage_StartEx has been called. To set the initial
 198:.\Generated_Source\PSoC4/EndOfMessage.c **** *   priority for the component use the cydwr file in the tool.
 199:.\Generated_Source\PSoC4/EndOfMessage.c **** *
 200:.\Generated_Source\PSoC4/EndOfMessage.c **** * Parameters:
 201:.\Generated_Source\PSoC4/EndOfMessage.c **** *   priority: Priority of the interrupt. 0 - 3, 0 being the highest.
 202:.\Generated_Source\PSoC4/EndOfMessage.c **** *
 203:.\Generated_Source\PSoC4/EndOfMessage.c **** * Return:
 204:.\Generated_Source\PSoC4/EndOfMessage.c **** *   None
 205:.\Generated_Source\PSoC4/EndOfMessage.c **** *
 206:.\Generated_Source\PSoC4/EndOfMessage.c **** *******************************************************************************/
 207:.\Generated_Source\PSoC4/EndOfMessage.c **** void EndOfMessage_SetPriority(uint8 priority)
 208:.\Generated_Source\PSoC4/EndOfMessage.c **** {
 226              		.loc 1 208 0
 227              		.cfi_startproc
 228 0000 90B5     		push	{r4, r7, lr}
 229              		.cfi_def_cfa_offset 12
 230              		.cfi_offset 4, -12
 231              		.cfi_offset 7, -8
 232              		.cfi_offset 14, -4
 233 0002 85B0     		sub	sp, sp, #20
 234              		.cfi_def_cfa_offset 32
 235 0004 00AF     		add	r7, sp, #0
 236              		.cfi_def_cfa_register 7
 237 0006 021C     		mov	r2, r0
 238 0008 FB1D     		add	r3, r7, #7
 239 000a 1A70     		strb	r2, [r3]
 209:.\Generated_Source\PSoC4/EndOfMessage.c **** 	uint8 interruptState;
 210:.\Generated_Source\PSoC4/EndOfMessage.c ****     uint32 priorityOffset = ((EndOfMessage__INTC_NUMBER % 4u) * 8u) + 6u;
 240              		.loc 1 210 0
 241 000c 0623     		mov	r3, #6
 242 000e FB60     		str	r3, [r7, #12]
 211:.\Generated_Source\PSoC4/EndOfMessage.c ****     
 212:.\Generated_Source\PSoC4/EndOfMessage.c **** 	interruptState = CyEnterCriticalSection();
 243              		.loc 1 212 0
 244 0010 3C1C     		mov	r4, r7
ARM GAS  C:\Users\Sam\AppData\Local\Temp\ccFH1efk.s 			page 9


 245 0012 0B34     		add	r4, r4, #11
 246 0014 FFF7FEFF 		bl	CyEnterCriticalSection
 247 0018 031C     		mov	r3, r0
 248 001a 2370     		strb	r3, [r4]
 213:.\Generated_Source\PSoC4/EndOfMessage.c ****     *EndOfMessage_INTC_PRIOR = (*EndOfMessage_INTC_PRIOR & (uint32)(~EndOfMessage__INTC_PRIOR_MASK)
 249              		.loc 1 213 0
 250 001c 0B4B     		ldr	r3, .L17
 251 001e 0B4A     		ldr	r2, .L17
 252 0020 1268     		ldr	r2, [r2]
 253 0022 C021     		mov	r1, #192
 254 0024 101C     		mov	r0, r2
 255 0026 8843     		bic	r0, r1
 256 0028 011C     		mov	r1, r0
 214:.\Generated_Source\PSoC4/EndOfMessage.c ****                                     ((uint32)priority << priorityOffset);
 257              		.loc 1 214 0
 258 002a FA1D     		add	r2, r7, #7
 259 002c 1078     		ldrb	r0, [r2]
 260 002e FA68     		ldr	r2, [r7, #12]
 261 0030 041C     		mov	r4, r0
 262 0032 9440     		lsl	r4, r4, r2
 263 0034 221C     		mov	r2, r4
 213:.\Generated_Source\PSoC4/EndOfMessage.c ****     *EndOfMessage_INTC_PRIOR = (*EndOfMessage_INTC_PRIOR & (uint32)(~EndOfMessage__INTC_PRIOR_MASK)
 264              		.loc 1 213 0
 265 0036 0A43     		orr	r2, r1
 266 0038 1A60     		str	r2, [r3]
 215:.\Generated_Source\PSoC4/EndOfMessage.c **** 	CyExitCriticalSection(interruptState);
 267              		.loc 1 215 0
 268 003a 3B1C     		mov	r3, r7
 269 003c 0B33     		add	r3, r3, #11
 270 003e 1B78     		ldrb	r3, [r3]
 271 0040 181C     		mov	r0, r3
 272 0042 FFF7FEFF 		bl	CyExitCriticalSection
 216:.\Generated_Source\PSoC4/EndOfMessage.c **** }
 273              		.loc 1 216 0
 274 0046 BD46     		mov	sp, r7
 275 0048 05B0     		add	sp, sp, #20
 276              		@ sp needed
 277 004a 90BD     		pop	{r4, r7, pc}
 278              	.L18:
 279              		.align	2
 280              	.L17:
 281 004c 10E400E0 		.word	-536812528
 282              		.cfi_endproc
 283              	.LFE6:
 284              		.size	EndOfMessage_SetPriority, .-EndOfMessage_SetPriority
 285              		.section	.text.EndOfMessage_GetPriority,"ax",%progbits
 286              		.align	2
 287              		.global	EndOfMessage_GetPriority
 288              		.code	16
 289              		.thumb_func
 290              		.type	EndOfMessage_GetPriority, %function
 291              	EndOfMessage_GetPriority:
 292              	.LFB7:
 217:.\Generated_Source\PSoC4/EndOfMessage.c **** 
 218:.\Generated_Source\PSoC4/EndOfMessage.c **** 
 219:.\Generated_Source\PSoC4/EndOfMessage.c **** /*******************************************************************************
 220:.\Generated_Source\PSoC4/EndOfMessage.c **** * Function Name: EndOfMessage_GetPriority
ARM GAS  C:\Users\Sam\AppData\Local\Temp\ccFH1efk.s 			page 10


 221:.\Generated_Source\PSoC4/EndOfMessage.c **** ********************************************************************************
 222:.\Generated_Source\PSoC4/EndOfMessage.c **** *
 223:.\Generated_Source\PSoC4/EndOfMessage.c **** * Summary:
 224:.\Generated_Source\PSoC4/EndOfMessage.c **** *   Gets the Priority of the Interrupt.
 225:.\Generated_Source\PSoC4/EndOfMessage.c **** *
 226:.\Generated_Source\PSoC4/EndOfMessage.c **** * Parameters:
 227:.\Generated_Source\PSoC4/EndOfMessage.c **** *   None
 228:.\Generated_Source\PSoC4/EndOfMessage.c **** *
 229:.\Generated_Source\PSoC4/EndOfMessage.c **** * Return:
 230:.\Generated_Source\PSoC4/EndOfMessage.c **** *   Priority of the interrupt. 0 - 3, 0 being the highest.
 231:.\Generated_Source\PSoC4/EndOfMessage.c **** *
 232:.\Generated_Source\PSoC4/EndOfMessage.c **** *******************************************************************************/
 233:.\Generated_Source\PSoC4/EndOfMessage.c **** uint8 EndOfMessage_GetPriority(void)
 234:.\Generated_Source\PSoC4/EndOfMessage.c **** {
 293              		.loc 1 234 0
 294              		.cfi_startproc
 295 0000 80B5     		push	{r7, lr}
 296              		.cfi_def_cfa_offset 8
 297              		.cfi_offset 7, -8
 298              		.cfi_offset 14, -4
 299 0002 82B0     		sub	sp, sp, #8
 300              		.cfi_def_cfa_offset 16
 301 0004 00AF     		add	r7, sp, #0
 302              		.cfi_def_cfa_register 7
 235:.\Generated_Source\PSoC4/EndOfMessage.c ****     uint32 priority;
 236:.\Generated_Source\PSoC4/EndOfMessage.c **** 	uint32 priorityOffset = ((EndOfMessage__INTC_NUMBER % 4u) * 8u) + 6u;
 303              		.loc 1 236 0
 304 0006 0623     		mov	r3, #6
 305 0008 7B60     		str	r3, [r7, #4]
 237:.\Generated_Source\PSoC4/EndOfMessage.c **** 
 238:.\Generated_Source\PSoC4/EndOfMessage.c ****     priority = (*EndOfMessage_INTC_PRIOR & EndOfMessage__INTC_PRIOR_MASK) >> priorityOffset;
 306              		.loc 1 238 0
 307 000a 074B     		ldr	r3, .L21
 308 000c 1A68     		ldr	r2, [r3]
 309 000e C023     		mov	r3, #192
 310 0010 1A40     		and	r2, r3
 311 0012 7B68     		ldr	r3, [r7, #4]
 312 0014 111C     		mov	r1, r2
 313 0016 D940     		lsr	r1, r1, r3
 314 0018 0B1C     		mov	r3, r1
 315 001a 3B60     		str	r3, [r7]
 239:.\Generated_Source\PSoC4/EndOfMessage.c **** 
 240:.\Generated_Source\PSoC4/EndOfMessage.c ****     return (uint8)priority;
 316              		.loc 1 240 0
 317 001c 3B68     		ldr	r3, [r7]
 318 001e DBB2     		uxtb	r3, r3
 241:.\Generated_Source\PSoC4/EndOfMessage.c **** }
 319              		.loc 1 241 0
 320 0020 181C     		mov	r0, r3
 321 0022 BD46     		mov	sp, r7
 322 0024 02B0     		add	sp, sp, #8
 323              		@ sp needed
 324 0026 80BD     		pop	{r7, pc}
 325              	.L22:
 326              		.align	2
 327              	.L21:
 328 0028 10E400E0 		.word	-536812528
ARM GAS  C:\Users\Sam\AppData\Local\Temp\ccFH1efk.s 			page 11


 329              		.cfi_endproc
 330              	.LFE7:
 331              		.size	EndOfMessage_GetPriority, .-EndOfMessage_GetPriority
 332              		.section	.text.EndOfMessage_Enable,"ax",%progbits
 333              		.align	2
 334              		.global	EndOfMessage_Enable
 335              		.code	16
 336              		.thumb_func
 337              		.type	EndOfMessage_Enable, %function
 338              	EndOfMessage_Enable:
 339              	.LFB8:
 242:.\Generated_Source\PSoC4/EndOfMessage.c **** 
 243:.\Generated_Source\PSoC4/EndOfMessage.c **** 
 244:.\Generated_Source\PSoC4/EndOfMessage.c **** /*******************************************************************************
 245:.\Generated_Source\PSoC4/EndOfMessage.c **** * Function Name: EndOfMessage_Enable
 246:.\Generated_Source\PSoC4/EndOfMessage.c **** ********************************************************************************
 247:.\Generated_Source\PSoC4/EndOfMessage.c **** *
 248:.\Generated_Source\PSoC4/EndOfMessage.c **** * Summary:
 249:.\Generated_Source\PSoC4/EndOfMessage.c **** *   Enables the interrupt.
 250:.\Generated_Source\PSoC4/EndOfMessage.c **** *
 251:.\Generated_Source\PSoC4/EndOfMessage.c **** * Parameters:
 252:.\Generated_Source\PSoC4/EndOfMessage.c **** *   None
 253:.\Generated_Source\PSoC4/EndOfMessage.c **** *
 254:.\Generated_Source\PSoC4/EndOfMessage.c **** * Return:
 255:.\Generated_Source\PSoC4/EndOfMessage.c **** *   None
 256:.\Generated_Source\PSoC4/EndOfMessage.c **** *
 257:.\Generated_Source\PSoC4/EndOfMessage.c **** *******************************************************************************/
 258:.\Generated_Source\PSoC4/EndOfMessage.c **** void EndOfMessage_Enable(void)
 259:.\Generated_Source\PSoC4/EndOfMessage.c **** {
 340              		.loc 1 259 0
 341              		.cfi_startproc
 342 0000 80B5     		push	{r7, lr}
 343              		.cfi_def_cfa_offset 8
 344              		.cfi_offset 7, -8
 345              		.cfi_offset 14, -4
 346 0002 00AF     		add	r7, sp, #0
 347              		.cfi_def_cfa_register 7
 260:.\Generated_Source\PSoC4/EndOfMessage.c ****     /* Enable the general interrupt. */
 261:.\Generated_Source\PSoC4/EndOfMessage.c ****     *EndOfMessage_INTC_SET_EN = EndOfMessage__INTC_MASK;
 348              		.loc 1 261 0
 349 0004 024B     		ldr	r3, .L24
 350 0006 8022     		mov	r2, #128
 351 0008 5202     		lsl	r2, r2, #9
 352 000a 1A60     		str	r2, [r3]
 262:.\Generated_Source\PSoC4/EndOfMessage.c **** }
 353              		.loc 1 262 0
 354 000c BD46     		mov	sp, r7
 355              		@ sp needed
 356 000e 80BD     		pop	{r7, pc}
 357              	.L25:
 358              		.align	2
 359              	.L24:
 360 0010 00E100E0 		.word	-536813312
 361              		.cfi_endproc
 362              	.LFE8:
 363              		.size	EndOfMessage_Enable, .-EndOfMessage_Enable
 364              		.section	.text.EndOfMessage_GetState,"ax",%progbits
ARM GAS  C:\Users\Sam\AppData\Local\Temp\ccFH1efk.s 			page 12


 365              		.align	2
 366              		.global	EndOfMessage_GetState
 367              		.code	16
 368              		.thumb_func
 369              		.type	EndOfMessage_GetState, %function
 370              	EndOfMessage_GetState:
 371              	.LFB9:
 263:.\Generated_Source\PSoC4/EndOfMessage.c **** 
 264:.\Generated_Source\PSoC4/EndOfMessage.c **** 
 265:.\Generated_Source\PSoC4/EndOfMessage.c **** /*******************************************************************************
 266:.\Generated_Source\PSoC4/EndOfMessage.c **** * Function Name: EndOfMessage_GetState
 267:.\Generated_Source\PSoC4/EndOfMessage.c **** ********************************************************************************
 268:.\Generated_Source\PSoC4/EndOfMessage.c **** *
 269:.\Generated_Source\PSoC4/EndOfMessage.c **** * Summary:
 270:.\Generated_Source\PSoC4/EndOfMessage.c **** *   Gets the state (enabled, disabled) of the Interrupt.
 271:.\Generated_Source\PSoC4/EndOfMessage.c **** *
 272:.\Generated_Source\PSoC4/EndOfMessage.c **** * Parameters:
 273:.\Generated_Source\PSoC4/EndOfMessage.c **** *   None
 274:.\Generated_Source\PSoC4/EndOfMessage.c **** *
 275:.\Generated_Source\PSoC4/EndOfMessage.c **** * Return:
 276:.\Generated_Source\PSoC4/EndOfMessage.c **** *   1 if enabled, 0 if disabled.
 277:.\Generated_Source\PSoC4/EndOfMessage.c **** *
 278:.\Generated_Source\PSoC4/EndOfMessage.c **** *******************************************************************************/
 279:.\Generated_Source\PSoC4/EndOfMessage.c **** uint8 EndOfMessage_GetState(void)
 280:.\Generated_Source\PSoC4/EndOfMessage.c **** {
 372              		.loc 1 280 0
 373              		.cfi_startproc
 374 0000 80B5     		push	{r7, lr}
 375              		.cfi_def_cfa_offset 8
 376              		.cfi_offset 7, -8
 377              		.cfi_offset 14, -4
 378 0002 00AF     		add	r7, sp, #0
 379              		.cfi_def_cfa_register 7
 281:.\Generated_Source\PSoC4/EndOfMessage.c ****     /* Get the state of the general interrupt. */
 282:.\Generated_Source\PSoC4/EndOfMessage.c ****     return ((*EndOfMessage_INTC_SET_EN & (uint32)EndOfMessage__INTC_MASK) != 0u) ? 1u:0u;
 380              		.loc 1 282 0
 381 0004 054B     		ldr	r3, .L30
 382 0006 1A68     		ldr	r2, [r3]
 383 0008 8023     		mov	r3, #128
 384 000a 5B02     		lsl	r3, r3, #9
 385 000c 1340     		and	r3, r2
 386 000e 01D0     		beq	.L27
 387              		.loc 1 282 0 is_stmt 0 discriminator 1
 388 0010 0123     		mov	r3, #1
 389 0012 00E0     		b	.L28
 390              	.L27:
 391              		.loc 1 282 0 discriminator 2
 392 0014 0023     		mov	r3, #0
 393              	.L28:
 283:.\Generated_Source\PSoC4/EndOfMessage.c **** }
 394              		.loc 1 283 0 is_stmt 1 discriminator 3
 395 0016 181C     		mov	r0, r3
 396 0018 BD46     		mov	sp, r7
 397              		@ sp needed
 398 001a 80BD     		pop	{r7, pc}
 399              	.L31:
 400              		.align	2
ARM GAS  C:\Users\Sam\AppData\Local\Temp\ccFH1efk.s 			page 13


 401              	.L30:
 402 001c 00E100E0 		.word	-536813312
 403              		.cfi_endproc
 404              	.LFE9:
 405              		.size	EndOfMessage_GetState, .-EndOfMessage_GetState
 406              		.section	.text.EndOfMessage_Disable,"ax",%progbits
 407              		.align	2
 408              		.global	EndOfMessage_Disable
 409              		.code	16
 410              		.thumb_func
 411              		.type	EndOfMessage_Disable, %function
 412              	EndOfMessage_Disable:
 413              	.LFB10:
 284:.\Generated_Source\PSoC4/EndOfMessage.c **** 
 285:.\Generated_Source\PSoC4/EndOfMessage.c **** 
 286:.\Generated_Source\PSoC4/EndOfMessage.c **** /*******************************************************************************
 287:.\Generated_Source\PSoC4/EndOfMessage.c **** * Function Name: EndOfMessage_Disable
 288:.\Generated_Source\PSoC4/EndOfMessage.c **** ********************************************************************************
 289:.\Generated_Source\PSoC4/EndOfMessage.c **** *
 290:.\Generated_Source\PSoC4/EndOfMessage.c **** * Summary:
 291:.\Generated_Source\PSoC4/EndOfMessage.c **** *   Disables the Interrupt.
 292:.\Generated_Source\PSoC4/EndOfMessage.c **** *
 293:.\Generated_Source\PSoC4/EndOfMessage.c **** * Parameters:
 294:.\Generated_Source\PSoC4/EndOfMessage.c **** *   None
 295:.\Generated_Source\PSoC4/EndOfMessage.c **** *
 296:.\Generated_Source\PSoC4/EndOfMessage.c **** * Return:
 297:.\Generated_Source\PSoC4/EndOfMessage.c **** *   None
 298:.\Generated_Source\PSoC4/EndOfMessage.c **** *
 299:.\Generated_Source\PSoC4/EndOfMessage.c **** *******************************************************************************/
 300:.\Generated_Source\PSoC4/EndOfMessage.c **** void EndOfMessage_Disable(void)
 301:.\Generated_Source\PSoC4/EndOfMessage.c **** {
 414              		.loc 1 301 0
 415              		.cfi_startproc
 416 0000 80B5     		push	{r7, lr}
 417              		.cfi_def_cfa_offset 8
 418              		.cfi_offset 7, -8
 419              		.cfi_offset 14, -4
 420 0002 00AF     		add	r7, sp, #0
 421              		.cfi_def_cfa_register 7
 302:.\Generated_Source\PSoC4/EndOfMessage.c ****     /* Disable the general interrupt. */
 303:.\Generated_Source\PSoC4/EndOfMessage.c ****     *EndOfMessage_INTC_CLR_EN = EndOfMessage__INTC_MASK;
 422              		.loc 1 303 0
 423 0004 024B     		ldr	r3, .L33
 424 0006 8022     		mov	r2, #128
 425 0008 5202     		lsl	r2, r2, #9
 426 000a 1A60     		str	r2, [r3]
 304:.\Generated_Source\PSoC4/EndOfMessage.c **** }
 427              		.loc 1 304 0
 428 000c BD46     		mov	sp, r7
 429              		@ sp needed
 430 000e 80BD     		pop	{r7, pc}
 431              	.L34:
 432              		.align	2
 433              	.L33:
 434 0010 80E100E0 		.word	-536813184
 435              		.cfi_endproc
 436              	.LFE10:
ARM GAS  C:\Users\Sam\AppData\Local\Temp\ccFH1efk.s 			page 14


 437              		.size	EndOfMessage_Disable, .-EndOfMessage_Disable
 438              		.section	.text.EndOfMessage_SetPending,"ax",%progbits
 439              		.align	2
 440              		.global	EndOfMessage_SetPending
 441              		.code	16
 442              		.thumb_func
 443              		.type	EndOfMessage_SetPending, %function
 444              	EndOfMessage_SetPending:
 445              	.LFB11:
 305:.\Generated_Source\PSoC4/EndOfMessage.c **** 
 306:.\Generated_Source\PSoC4/EndOfMessage.c **** 
 307:.\Generated_Source\PSoC4/EndOfMessage.c **** /*******************************************************************************
 308:.\Generated_Source\PSoC4/EndOfMessage.c **** * Function Name: EndOfMessage_SetPending
 309:.\Generated_Source\PSoC4/EndOfMessage.c **** ********************************************************************************
 310:.\Generated_Source\PSoC4/EndOfMessage.c **** *
 311:.\Generated_Source\PSoC4/EndOfMessage.c **** * Summary:
 312:.\Generated_Source\PSoC4/EndOfMessage.c **** *   Causes the Interrupt to enter the pending state, a software method of
 313:.\Generated_Source\PSoC4/EndOfMessage.c **** *   generating the interrupt.
 314:.\Generated_Source\PSoC4/EndOfMessage.c **** *
 315:.\Generated_Source\PSoC4/EndOfMessage.c **** * Parameters:
 316:.\Generated_Source\PSoC4/EndOfMessage.c **** *   None
 317:.\Generated_Source\PSoC4/EndOfMessage.c **** *
 318:.\Generated_Source\PSoC4/EndOfMessage.c **** * Return:
 319:.\Generated_Source\PSoC4/EndOfMessage.c **** *   None
 320:.\Generated_Source\PSoC4/EndOfMessage.c **** *
 321:.\Generated_Source\PSoC4/EndOfMessage.c **** *******************************************************************************/
 322:.\Generated_Source\PSoC4/EndOfMessage.c **** void EndOfMessage_SetPending(void)
 323:.\Generated_Source\PSoC4/EndOfMessage.c **** {
 446              		.loc 1 323 0
 447              		.cfi_startproc
 448 0000 80B5     		push	{r7, lr}
 449              		.cfi_def_cfa_offset 8
 450              		.cfi_offset 7, -8
 451              		.cfi_offset 14, -4
 452 0002 00AF     		add	r7, sp, #0
 453              		.cfi_def_cfa_register 7
 324:.\Generated_Source\PSoC4/EndOfMessage.c ****     *EndOfMessage_INTC_SET_PD = EndOfMessage__INTC_MASK;
 454              		.loc 1 324 0
 455 0004 024B     		ldr	r3, .L36
 456 0006 8022     		mov	r2, #128
 457 0008 5202     		lsl	r2, r2, #9
 458 000a 1A60     		str	r2, [r3]
 325:.\Generated_Source\PSoC4/EndOfMessage.c **** }
 459              		.loc 1 325 0
 460 000c BD46     		mov	sp, r7
 461              		@ sp needed
 462 000e 80BD     		pop	{r7, pc}
 463              	.L37:
 464              		.align	2
 465              	.L36:
 466 0010 00E200E0 		.word	-536813056
 467              		.cfi_endproc
 468              	.LFE11:
 469              		.size	EndOfMessage_SetPending, .-EndOfMessage_SetPending
 470              		.section	.text.EndOfMessage_ClearPending,"ax",%progbits
 471              		.align	2
 472              		.global	EndOfMessage_ClearPending
ARM GAS  C:\Users\Sam\AppData\Local\Temp\ccFH1efk.s 			page 15


 473              		.code	16
 474              		.thumb_func
 475              		.type	EndOfMessage_ClearPending, %function
 476              	EndOfMessage_ClearPending:
 477              	.LFB12:
 326:.\Generated_Source\PSoC4/EndOfMessage.c **** 
 327:.\Generated_Source\PSoC4/EndOfMessage.c **** 
 328:.\Generated_Source\PSoC4/EndOfMessage.c **** /*******************************************************************************
 329:.\Generated_Source\PSoC4/EndOfMessage.c **** * Function Name: EndOfMessage_ClearPending
 330:.\Generated_Source\PSoC4/EndOfMessage.c **** ********************************************************************************
 331:.\Generated_Source\PSoC4/EndOfMessage.c **** *
 332:.\Generated_Source\PSoC4/EndOfMessage.c **** * Summary:
 333:.\Generated_Source\PSoC4/EndOfMessage.c **** *   Clears a pending interrupt.
 334:.\Generated_Source\PSoC4/EndOfMessage.c **** *
 335:.\Generated_Source\PSoC4/EndOfMessage.c **** * Parameters:
 336:.\Generated_Source\PSoC4/EndOfMessage.c **** *   None
 337:.\Generated_Source\PSoC4/EndOfMessage.c **** *
 338:.\Generated_Source\PSoC4/EndOfMessage.c **** * Return:
 339:.\Generated_Source\PSoC4/EndOfMessage.c **** *   None
 340:.\Generated_Source\PSoC4/EndOfMessage.c **** *
 341:.\Generated_Source\PSoC4/EndOfMessage.c **** *******************************************************************************/
 342:.\Generated_Source\PSoC4/EndOfMessage.c **** void EndOfMessage_ClearPending(void)
 343:.\Generated_Source\PSoC4/EndOfMessage.c **** {
 478              		.loc 1 343 0
 479              		.cfi_startproc
 480 0000 80B5     		push	{r7, lr}
 481              		.cfi_def_cfa_offset 8
 482              		.cfi_offset 7, -8
 483              		.cfi_offset 14, -4
 484 0002 00AF     		add	r7, sp, #0
 485              		.cfi_def_cfa_register 7
 344:.\Generated_Source\PSoC4/EndOfMessage.c ****     *EndOfMessage_INTC_CLR_PD = EndOfMessage__INTC_MASK;
 486              		.loc 1 344 0
 487 0004 024B     		ldr	r3, .L39
 488 0006 8022     		mov	r2, #128
 489 0008 5202     		lsl	r2, r2, #9
 490 000a 1A60     		str	r2, [r3]
 345:.\Generated_Source\PSoC4/EndOfMessage.c **** }
 491              		.loc 1 345 0
 492 000c BD46     		mov	sp, r7
 493              		@ sp needed
 494 000e 80BD     		pop	{r7, pc}
 495              	.L40:
 496              		.align	2
 497              	.L39:
 498 0010 80E200E0 		.word	-536812928
 499              		.cfi_endproc
 500              	.LFE12:
 501              		.size	EndOfMessage_ClearPending, .-EndOfMessage_ClearPending
 502              		.text
 503              	.Letext0:
 504              		.file 2 ".\\Generated_Source\\PSoC4/cytypes.h"
 505              		.section	.debug_info,"",%progbits
 506              	.Ldebug_info0:
 507 0000 3D020000 		.4byte	0x23d
 508 0004 0400     		.2byte	0x4
 509 0006 00000000 		.4byte	.Ldebug_abbrev0
ARM GAS  C:\Users\Sam\AppData\Local\Temp\ccFH1efk.s 			page 16


 510 000a 04       		.byte	0x4
 511 000b 01       		.uleb128 0x1
 512 000c 86000000 		.4byte	.LASF33
 513 0010 01       		.byte	0x1
 514 0011 8E010000 		.4byte	.LASF34
 515 0015 3E020000 		.4byte	.LASF35
 516 0019 00000000 		.4byte	.Ldebug_ranges0+0
 517 001d 00000000 		.4byte	0
 518 0021 00000000 		.4byte	.Ldebug_line0
 519 0025 02       		.uleb128 0x2
 520 0026 01       		.byte	0x1
 521 0027 06       		.byte	0x6
 522 0028 E4020000 		.4byte	.LASF0
 523 002c 02       		.uleb128 0x2
 524 002d 01       		.byte	0x1
 525 002e 08       		.byte	0x8
 526 002f 02010000 		.4byte	.LASF1
 527 0033 02       		.uleb128 0x2
 528 0034 02       		.byte	0x2
 529 0035 05       		.byte	0x5
 530 0036 AC020000 		.4byte	.LASF2
 531 003a 02       		.uleb128 0x2
 532 003b 02       		.byte	0x2
 533 003c 07       		.byte	0x7
 534 003d 5B000000 		.4byte	.LASF3
 535 0041 02       		.uleb128 0x2
 536 0042 04       		.byte	0x4
 537 0043 05       		.byte	0x5
 538 0044 C5020000 		.4byte	.LASF4
 539 0048 02       		.uleb128 0x2
 540 0049 04       		.byte	0x4
 541 004a 07       		.byte	0x7
 542 004b 1F010000 		.4byte	.LASF5
 543 004f 02       		.uleb128 0x2
 544 0050 08       		.byte	0x8
 545 0051 05       		.byte	0x5
 546 0052 14020000 		.4byte	.LASF6
 547 0056 02       		.uleb128 0x2
 548 0057 08       		.byte	0x8
 549 0058 07       		.byte	0x7
 550 0059 D2010000 		.4byte	.LASF7
 551 005d 03       		.uleb128 0x3
 552 005e 04       		.byte	0x4
 553 005f 05       		.byte	0x5
 554 0060 696E7400 		.ascii	"int\000"
 555 0064 02       		.uleb128 0x2
 556 0065 04       		.byte	0x4
 557 0066 07       		.byte	0x7
 558 0067 BD010000 		.4byte	.LASF8
 559 006b 04       		.uleb128 0x4
 560 006c 31010000 		.4byte	.LASF9
 561 0070 02       		.byte	0x2
 562 0071 A1       		.byte	0xa1
 563 0072 2C000000 		.4byte	0x2c
 564 0076 04       		.uleb128 0x4
 565 0077 B6010000 		.4byte	.LASF10
 566 007b 02       		.byte	0x2
ARM GAS  C:\Users\Sam\AppData\Local\Temp\ccFH1efk.s 			page 17


 567 007c A3       		.byte	0xa3
 568 007d 48000000 		.4byte	0x48
 569 0081 02       		.uleb128 0x2
 570 0082 04       		.byte	0x4
 571 0083 04       		.byte	0x4
 572 0084 80000000 		.4byte	.LASF11
 573 0088 02       		.uleb128 0x2
 574 0089 08       		.byte	0x8
 575 008a 04       		.byte	0x4
 576 008b 73010000 		.4byte	.LASF12
 577 008f 02       		.uleb128 0x2
 578 0090 01       		.byte	0x1
 579 0091 08       		.byte	0x8
 580 0092 39020000 		.4byte	.LASF13
 581 0096 05       		.uleb128 0x5
 582 0097 00000000 		.4byte	.LASF14
 583 009b 02       		.byte	0x2
 584 009c 4D01     		.2byte	0x14d
 585 009e A2000000 		.4byte	0xa2
 586 00a2 06       		.uleb128 0x6
 587 00a3 76000000 		.4byte	0x76
 588 00a7 05       		.uleb128 0x5
 589 00a8 E9010000 		.4byte	.LASF15
 590 00ac 02       		.byte	0x2
 591 00ad 5D01     		.2byte	0x15d
 592 00af B3000000 		.4byte	0xb3
 593 00b3 07       		.uleb128 0x7
 594 00b4 04       		.byte	0x4
 595 00b5 B9000000 		.4byte	0xb9
 596 00b9 08       		.uleb128 0x8
 597 00ba 02       		.uleb128 0x2
 598 00bb 04       		.byte	0x4
 599 00bc 07       		.byte	0x7
 600 00bd 0B020000 		.4byte	.LASF16
 601 00c1 09       		.uleb128 0x9
 602 00c2 05030000 		.4byte	.LASF17
 603 00c6 01       		.byte	0x1
 604 00c7 34       		.byte	0x34
 605 00c8 00000000 		.4byte	.LFB0
 606 00cc 24000000 		.4byte	.LFE0-.LFB0
 607 00d0 01       		.uleb128 0x1
 608 00d1 9C       		.byte	0x9c
 609 00d2 0A       		.uleb128 0xa
 610 00d3 F6010000 		.4byte	.LASF20
 611 00d7 01       		.byte	0x1
 612 00d8 52       		.byte	0x52
 613 00d9 00000000 		.4byte	.LFB1
 614 00dd 24000000 		.4byte	.LFE1-.LFB1
 615 00e1 01       		.uleb128 0x1
 616 00e2 9C       		.byte	0x9c
 617 00e3 F6000000 		.4byte	0xf6
 618 00e7 0B       		.uleb128 0xb
 619 00e8 CA010000 		.4byte	.LASF22
 620 00ec 01       		.byte	0x1
 621 00ed 52       		.byte	0x52
 622 00ee A7000000 		.4byte	0xa7
 623 00f2 02       		.uleb128 0x2
ARM GAS  C:\Users\Sam\AppData\Local\Temp\ccFH1efk.s 			page 18


 624 00f3 91       		.byte	0x91
 625 00f4 74       		.sleb128 -12
 626 00f5 00       		.byte	0
 627 00f6 09       		.uleb128 0x9
 628 00f7 6E000000 		.4byte	.LASF18
 629 00fb 01       		.byte	0x1
 630 00fc 6F       		.byte	0x6f
 631 00fd 00000000 		.4byte	.LFB2
 632 0101 18000000 		.4byte	.LFE2-.LFB2
 633 0105 01       		.uleb128 0x1
 634 0106 9C       		.byte	0x9c
 635 0107 0C       		.uleb128 0xc
 636 0108 44000000 		.4byte	.LASF19
 637 010c 01       		.byte	0x1
 638 010d 8A       		.byte	0x8a
 639 010e 00000000 		.4byte	.LFB3
 640 0112 08000000 		.4byte	.LFE3-.LFB3
 641 0116 01       		.uleb128 0x1
 642 0117 9C       		.byte	0x9c
 643 0118 0D       		.uleb128 0xd
 644 0119 22020000 		.4byte	.LASF21
 645 011d 01       		.byte	0x1
 646 011e A3       		.byte	0xa3
 647 011f 00000000 		.4byte	.LFB4
 648 0123 1C000000 		.4byte	.LFE4-.LFB4
 649 0127 01       		.uleb128 0x1
 650 0128 9C       		.byte	0x9c
 651 0129 3C010000 		.4byte	0x13c
 652 012d 0B       		.uleb128 0xb
 653 012e CA010000 		.4byte	.LASF22
 654 0132 01       		.byte	0x1
 655 0133 A3       		.byte	0xa3
 656 0134 A7000000 		.4byte	0xa7
 657 0138 02       		.uleb128 0x2
 658 0139 91       		.byte	0x91
 659 013a 74       		.sleb128 -12
 660 013b 00       		.byte	0
 661 013c 0E       		.uleb128 0xe
 662 013d 95020000 		.4byte	.LASF28
 663 0141 01       		.byte	0x1
 664 0142 B7       		.byte	0xb7
 665 0143 A7000000 		.4byte	0xa7
 666 0147 00000000 		.4byte	.LFB5
 667 014b 14000000 		.4byte	.LFE5-.LFB5
 668 014f 01       		.uleb128 0x1
 669 0150 9C       		.byte	0x9c
 670 0151 0A       		.uleb128 0xa
 671 0152 37010000 		.4byte	.LASF23
 672 0156 01       		.byte	0x1
 673 0157 CF       		.byte	0xcf
 674 0158 00000000 		.4byte	.LFB6
 675 015c 50000000 		.4byte	.LFE6-.LFB6
 676 0160 01       		.uleb128 0x1
 677 0161 9C       		.byte	0x9c
 678 0162 91010000 		.4byte	0x191
 679 0166 0B       		.uleb128 0xb
 680 0167 50010000 		.4byte	.LASF24
ARM GAS  C:\Users\Sam\AppData\Local\Temp\ccFH1efk.s 			page 19


 681 016b 01       		.byte	0x1
 682 016c CF       		.byte	0xcf
 683 016d 6B000000 		.4byte	0x6b
 684 0171 02       		.uleb128 0x2
 685 0172 91       		.byte	0x91
 686 0173 67       		.sleb128 -25
 687 0174 0F       		.uleb128 0xf
 688 0175 10010000 		.4byte	.LASF25
 689 0179 01       		.byte	0x1
 690 017a D1       		.byte	0xd1
 691 017b 6B000000 		.4byte	0x6b
 692 017f 02       		.uleb128 0x2
 693 0180 91       		.byte	0x91
 694 0181 6B       		.sleb128 -21
 695 0182 0F       		.uleb128 0xf
 696 0183 B6020000 		.4byte	.LASF26
 697 0187 01       		.byte	0x1
 698 0188 D2       		.byte	0xd2
 699 0189 76000000 		.4byte	0x76
 700 018d 02       		.uleb128 0x2
 701 018e 91       		.byte	0x91
 702 018f 6C       		.sleb128 -20
 703 0190 00       		.byte	0
 704 0191 10       		.uleb128 0x10
 705 0192 2B000000 		.4byte	.LASF36
 706 0196 01       		.byte	0x1
 707 0197 E9       		.byte	0xe9
 708 0198 6B000000 		.4byte	0x6b
 709 019c 00000000 		.4byte	.LFB7
 710 01a0 2C000000 		.4byte	.LFE7-.LFB7
 711 01a4 01       		.uleb128 0x1
 712 01a5 9C       		.byte	0x9c
 713 01a6 C7010000 		.4byte	0x1c7
 714 01aa 0F       		.uleb128 0xf
 715 01ab 50010000 		.4byte	.LASF24
 716 01af 01       		.byte	0x1
 717 01b0 EB       		.byte	0xeb
 718 01b1 76000000 		.4byte	0x76
 719 01b5 02       		.uleb128 0x2
 720 01b6 91       		.byte	0x91
 721 01b7 70       		.sleb128 -16
 722 01b8 0F       		.uleb128 0xf
 723 01b9 B6020000 		.4byte	.LASF26
 724 01bd 01       		.byte	0x1
 725 01be EC       		.byte	0xec
 726 01bf 76000000 		.4byte	0x76
 727 01c3 02       		.uleb128 0x2
 728 01c4 91       		.byte	0x91
 729 01c5 74       		.sleb128 -12
 730 01c6 00       		.byte	0
 731 01c7 11       		.uleb128 0x11
 732 01c8 7A010000 		.4byte	.LASF27
 733 01cc 01       		.byte	0x1
 734 01cd 0201     		.2byte	0x102
 735 01cf 00000000 		.4byte	.LFB8
 736 01d3 14000000 		.4byte	.LFE8-.LFB8
 737 01d7 01       		.uleb128 0x1
ARM GAS  C:\Users\Sam\AppData\Local\Temp\ccFH1efk.s 			page 20


 738 01d8 9C       		.byte	0x9c
 739 01d9 12       		.uleb128 0x12
 740 01da CE020000 		.4byte	.LASF29
 741 01de 01       		.byte	0x1
 742 01df 1701     		.2byte	0x117
 743 01e1 6B000000 		.4byte	0x6b
 744 01e5 00000000 		.4byte	.LFB9
 745 01e9 20000000 		.4byte	.LFE9-.LFB9
 746 01ed 01       		.uleb128 0x1
 747 01ee 9C       		.byte	0x9c
 748 01ef 11       		.uleb128 0x11
 749 01f0 F0020000 		.4byte	.LASF30
 750 01f4 01       		.byte	0x1
 751 01f5 2C01     		.2byte	0x12c
 752 01f7 00000000 		.4byte	.LFB10
 753 01fb 14000000 		.4byte	.LFE10-.LFB10
 754 01ff 01       		.uleb128 0x1
 755 0200 9C       		.byte	0x9c
 756 0201 11       		.uleb128 0x11
 757 0202 13000000 		.4byte	.LASF31
 758 0206 01       		.byte	0x1
 759 0207 4201     		.2byte	0x142
 760 0209 00000000 		.4byte	.LFB11
 761 020d 14000000 		.4byte	.LFE11-.LFB11
 762 0211 01       		.uleb128 0x1
 763 0212 9C       		.byte	0x9c
 764 0213 11       		.uleb128 0x11
 765 0214 59010000 		.4byte	.LASF32
 766 0218 01       		.byte	0x1
 767 0219 5601     		.2byte	0x156
 768 021b 00000000 		.4byte	.LFB12
 769 021f 14000000 		.4byte	.LFE12-.LFB12
 770 0223 01       		.uleb128 0x1
 771 0224 9C       		.byte	0x9c
 772 0225 13       		.uleb128 0x13
 773 0226 A7000000 		.4byte	0xa7
 774 022a 35020000 		.4byte	0x235
 775 022e 14       		.uleb128 0x14
 776 022f BA000000 		.4byte	0xba
 777 0233 2F       		.byte	0x2f
 778 0234 00       		.byte	0
 779 0235 15       		.uleb128 0x15
 780 0236 06000000 		.4byte	.LASF37
 781 023a 01       		.byte	0x1
 782 023b 20       		.byte	0x20
 783 023c 25020000 		.4byte	0x225
 784 0240 00       		.byte	0
 785              		.section	.debug_abbrev,"",%progbits
 786              	.Ldebug_abbrev0:
 787 0000 01       		.uleb128 0x1
 788 0001 11       		.uleb128 0x11
 789 0002 01       		.byte	0x1
 790 0003 25       		.uleb128 0x25
 791 0004 0E       		.uleb128 0xe
 792 0005 13       		.uleb128 0x13
 793 0006 0B       		.uleb128 0xb
 794 0007 03       		.uleb128 0x3
ARM GAS  C:\Users\Sam\AppData\Local\Temp\ccFH1efk.s 			page 21


 795 0008 0E       		.uleb128 0xe
 796 0009 1B       		.uleb128 0x1b
 797 000a 0E       		.uleb128 0xe
 798 000b 55       		.uleb128 0x55
 799 000c 17       		.uleb128 0x17
 800 000d 11       		.uleb128 0x11
 801 000e 01       		.uleb128 0x1
 802 000f 10       		.uleb128 0x10
 803 0010 17       		.uleb128 0x17
 804 0011 00       		.byte	0
 805 0012 00       		.byte	0
 806 0013 02       		.uleb128 0x2
 807 0014 24       		.uleb128 0x24
 808 0015 00       		.byte	0
 809 0016 0B       		.uleb128 0xb
 810 0017 0B       		.uleb128 0xb
 811 0018 3E       		.uleb128 0x3e
 812 0019 0B       		.uleb128 0xb
 813 001a 03       		.uleb128 0x3
 814 001b 0E       		.uleb128 0xe
 815 001c 00       		.byte	0
 816 001d 00       		.byte	0
 817 001e 03       		.uleb128 0x3
 818 001f 24       		.uleb128 0x24
 819 0020 00       		.byte	0
 820 0021 0B       		.uleb128 0xb
 821 0022 0B       		.uleb128 0xb
 822 0023 3E       		.uleb128 0x3e
 823 0024 0B       		.uleb128 0xb
 824 0025 03       		.uleb128 0x3
 825 0026 08       		.uleb128 0x8
 826 0027 00       		.byte	0
 827 0028 00       		.byte	0
 828 0029 04       		.uleb128 0x4
 829 002a 16       		.uleb128 0x16
 830 002b 00       		.byte	0
 831 002c 03       		.uleb128 0x3
 832 002d 0E       		.uleb128 0xe
 833 002e 3A       		.uleb128 0x3a
 834 002f 0B       		.uleb128 0xb
 835 0030 3B       		.uleb128 0x3b
 836 0031 0B       		.uleb128 0xb
 837 0032 49       		.uleb128 0x49
 838 0033 13       		.uleb128 0x13
 839 0034 00       		.byte	0
 840 0035 00       		.byte	0
 841 0036 05       		.uleb128 0x5
 842 0037 16       		.uleb128 0x16
 843 0038 00       		.byte	0
 844 0039 03       		.uleb128 0x3
 845 003a 0E       		.uleb128 0xe
 846 003b 3A       		.uleb128 0x3a
 847 003c 0B       		.uleb128 0xb
 848 003d 3B       		.uleb128 0x3b
 849 003e 05       		.uleb128 0x5
 850 003f 49       		.uleb128 0x49
 851 0040 13       		.uleb128 0x13
ARM GAS  C:\Users\Sam\AppData\Local\Temp\ccFH1efk.s 			page 22


 852 0041 00       		.byte	0
 853 0042 00       		.byte	0
 854 0043 06       		.uleb128 0x6
 855 0044 35       		.uleb128 0x35
 856 0045 00       		.byte	0
 857 0046 49       		.uleb128 0x49
 858 0047 13       		.uleb128 0x13
 859 0048 00       		.byte	0
 860 0049 00       		.byte	0
 861 004a 07       		.uleb128 0x7
 862 004b 0F       		.uleb128 0xf
 863 004c 00       		.byte	0
 864 004d 0B       		.uleb128 0xb
 865 004e 0B       		.uleb128 0xb
 866 004f 49       		.uleb128 0x49
 867 0050 13       		.uleb128 0x13
 868 0051 00       		.byte	0
 869 0052 00       		.byte	0
 870 0053 08       		.uleb128 0x8
 871 0054 15       		.uleb128 0x15
 872 0055 00       		.byte	0
 873 0056 27       		.uleb128 0x27
 874 0057 19       		.uleb128 0x19
 875 0058 00       		.byte	0
 876 0059 00       		.byte	0
 877 005a 09       		.uleb128 0x9
 878 005b 2E       		.uleb128 0x2e
 879 005c 00       		.byte	0
 880 005d 3F       		.uleb128 0x3f
 881 005e 19       		.uleb128 0x19
 882 005f 03       		.uleb128 0x3
 883 0060 0E       		.uleb128 0xe
 884 0061 3A       		.uleb128 0x3a
 885 0062 0B       		.uleb128 0xb
 886 0063 3B       		.uleb128 0x3b
 887 0064 0B       		.uleb128 0xb
 888 0065 27       		.uleb128 0x27
 889 0066 19       		.uleb128 0x19
 890 0067 11       		.uleb128 0x11
 891 0068 01       		.uleb128 0x1
 892 0069 12       		.uleb128 0x12
 893 006a 06       		.uleb128 0x6
 894 006b 40       		.uleb128 0x40
 895 006c 18       		.uleb128 0x18
 896 006d 9642     		.uleb128 0x2116
 897 006f 19       		.uleb128 0x19
 898 0070 00       		.byte	0
 899 0071 00       		.byte	0
 900 0072 0A       		.uleb128 0xa
 901 0073 2E       		.uleb128 0x2e
 902 0074 01       		.byte	0x1
 903 0075 3F       		.uleb128 0x3f
 904 0076 19       		.uleb128 0x19
 905 0077 03       		.uleb128 0x3
 906 0078 0E       		.uleb128 0xe
 907 0079 3A       		.uleb128 0x3a
 908 007a 0B       		.uleb128 0xb
ARM GAS  C:\Users\Sam\AppData\Local\Temp\ccFH1efk.s 			page 23


 909 007b 3B       		.uleb128 0x3b
 910 007c 0B       		.uleb128 0xb
 911 007d 27       		.uleb128 0x27
 912 007e 19       		.uleb128 0x19
 913 007f 11       		.uleb128 0x11
 914 0080 01       		.uleb128 0x1
 915 0081 12       		.uleb128 0x12
 916 0082 06       		.uleb128 0x6
 917 0083 40       		.uleb128 0x40
 918 0084 18       		.uleb128 0x18
 919 0085 9642     		.uleb128 0x2116
 920 0087 19       		.uleb128 0x19
 921 0088 01       		.uleb128 0x1
 922 0089 13       		.uleb128 0x13
 923 008a 00       		.byte	0
 924 008b 00       		.byte	0
 925 008c 0B       		.uleb128 0xb
 926 008d 05       		.uleb128 0x5
 927 008e 00       		.byte	0
 928 008f 03       		.uleb128 0x3
 929 0090 0E       		.uleb128 0xe
 930 0091 3A       		.uleb128 0x3a
 931 0092 0B       		.uleb128 0xb
 932 0093 3B       		.uleb128 0x3b
 933 0094 0B       		.uleb128 0xb
 934 0095 49       		.uleb128 0x49
 935 0096 13       		.uleb128 0x13
 936 0097 02       		.uleb128 0x2
 937 0098 18       		.uleb128 0x18
 938 0099 00       		.byte	0
 939 009a 00       		.byte	0
 940 009b 0C       		.uleb128 0xc
 941 009c 2E       		.uleb128 0x2e
 942 009d 00       		.byte	0
 943 009e 3F       		.uleb128 0x3f
 944 009f 19       		.uleb128 0x19
 945 00a0 03       		.uleb128 0x3
 946 00a1 0E       		.uleb128 0xe
 947 00a2 3A       		.uleb128 0x3a
 948 00a3 0B       		.uleb128 0xb
 949 00a4 3B       		.uleb128 0x3b
 950 00a5 0B       		.uleb128 0xb
 951 00a6 27       		.uleb128 0x27
 952 00a7 19       		.uleb128 0x19
 953 00a8 11       		.uleb128 0x11
 954 00a9 01       		.uleb128 0x1
 955 00aa 12       		.uleb128 0x12
 956 00ab 06       		.uleb128 0x6
 957 00ac 40       		.uleb128 0x40
 958 00ad 18       		.uleb128 0x18
 959 00ae 9742     		.uleb128 0x2117
 960 00b0 19       		.uleb128 0x19
 961 00b1 00       		.byte	0
 962 00b2 00       		.byte	0
 963 00b3 0D       		.uleb128 0xd
 964 00b4 2E       		.uleb128 0x2e
 965 00b5 01       		.byte	0x1
ARM GAS  C:\Users\Sam\AppData\Local\Temp\ccFH1efk.s 			page 24


 966 00b6 3F       		.uleb128 0x3f
 967 00b7 19       		.uleb128 0x19
 968 00b8 03       		.uleb128 0x3
 969 00b9 0E       		.uleb128 0xe
 970 00ba 3A       		.uleb128 0x3a
 971 00bb 0B       		.uleb128 0xb
 972 00bc 3B       		.uleb128 0x3b
 973 00bd 0B       		.uleb128 0xb
 974 00be 27       		.uleb128 0x27
 975 00bf 19       		.uleb128 0x19
 976 00c0 11       		.uleb128 0x11
 977 00c1 01       		.uleb128 0x1
 978 00c2 12       		.uleb128 0x12
 979 00c3 06       		.uleb128 0x6
 980 00c4 40       		.uleb128 0x40
 981 00c5 18       		.uleb128 0x18
 982 00c6 9742     		.uleb128 0x2117
 983 00c8 19       		.uleb128 0x19
 984 00c9 01       		.uleb128 0x1
 985 00ca 13       		.uleb128 0x13
 986 00cb 00       		.byte	0
 987 00cc 00       		.byte	0
 988 00cd 0E       		.uleb128 0xe
 989 00ce 2E       		.uleb128 0x2e
 990 00cf 00       		.byte	0
 991 00d0 3F       		.uleb128 0x3f
 992 00d1 19       		.uleb128 0x19
 993 00d2 03       		.uleb128 0x3
 994 00d3 0E       		.uleb128 0xe
 995 00d4 3A       		.uleb128 0x3a
 996 00d5 0B       		.uleb128 0xb
 997 00d6 3B       		.uleb128 0x3b
 998 00d7 0B       		.uleb128 0xb
 999 00d8 27       		.uleb128 0x27
 1000 00d9 19       		.uleb128 0x19
 1001 00da 49       		.uleb128 0x49
 1002 00db 13       		.uleb128 0x13
 1003 00dc 11       		.uleb128 0x11
 1004 00dd 01       		.uleb128 0x1
 1005 00de 12       		.uleb128 0x12
 1006 00df 06       		.uleb128 0x6
 1007 00e0 40       		.uleb128 0x40
 1008 00e1 18       		.uleb128 0x18
 1009 00e2 9742     		.uleb128 0x2117
 1010 00e4 19       		.uleb128 0x19
 1011 00e5 00       		.byte	0
 1012 00e6 00       		.byte	0
 1013 00e7 0F       		.uleb128 0xf
 1014 00e8 34       		.uleb128 0x34
 1015 00e9 00       		.byte	0
 1016 00ea 03       		.uleb128 0x3
 1017 00eb 0E       		.uleb128 0xe
 1018 00ec 3A       		.uleb128 0x3a
 1019 00ed 0B       		.uleb128 0xb
 1020 00ee 3B       		.uleb128 0x3b
 1021 00ef 0B       		.uleb128 0xb
 1022 00f0 49       		.uleb128 0x49
ARM GAS  C:\Users\Sam\AppData\Local\Temp\ccFH1efk.s 			page 25


 1023 00f1 13       		.uleb128 0x13
 1024 00f2 02       		.uleb128 0x2
 1025 00f3 18       		.uleb128 0x18
 1026 00f4 00       		.byte	0
 1027 00f5 00       		.byte	0
 1028 00f6 10       		.uleb128 0x10
 1029 00f7 2E       		.uleb128 0x2e
 1030 00f8 01       		.byte	0x1
 1031 00f9 3F       		.uleb128 0x3f
 1032 00fa 19       		.uleb128 0x19
 1033 00fb 03       		.uleb128 0x3
 1034 00fc 0E       		.uleb128 0xe
 1035 00fd 3A       		.uleb128 0x3a
 1036 00fe 0B       		.uleb128 0xb
 1037 00ff 3B       		.uleb128 0x3b
 1038 0100 0B       		.uleb128 0xb
 1039 0101 27       		.uleb128 0x27
 1040 0102 19       		.uleb128 0x19
 1041 0103 49       		.uleb128 0x49
 1042 0104 13       		.uleb128 0x13
 1043 0105 11       		.uleb128 0x11
 1044 0106 01       		.uleb128 0x1
 1045 0107 12       		.uleb128 0x12
 1046 0108 06       		.uleb128 0x6
 1047 0109 40       		.uleb128 0x40
 1048 010a 18       		.uleb128 0x18
 1049 010b 9742     		.uleb128 0x2117
 1050 010d 19       		.uleb128 0x19
 1051 010e 01       		.uleb128 0x1
 1052 010f 13       		.uleb128 0x13
 1053 0110 00       		.byte	0
 1054 0111 00       		.byte	0
 1055 0112 11       		.uleb128 0x11
 1056 0113 2E       		.uleb128 0x2e
 1057 0114 00       		.byte	0
 1058 0115 3F       		.uleb128 0x3f
 1059 0116 19       		.uleb128 0x19
 1060 0117 03       		.uleb128 0x3
 1061 0118 0E       		.uleb128 0xe
 1062 0119 3A       		.uleb128 0x3a
 1063 011a 0B       		.uleb128 0xb
 1064 011b 3B       		.uleb128 0x3b
 1065 011c 05       		.uleb128 0x5
 1066 011d 27       		.uleb128 0x27
 1067 011e 19       		.uleb128 0x19
 1068 011f 11       		.uleb128 0x11
 1069 0120 01       		.uleb128 0x1
 1070 0121 12       		.uleb128 0x12
 1071 0122 06       		.uleb128 0x6
 1072 0123 40       		.uleb128 0x40
 1073 0124 18       		.uleb128 0x18
 1074 0125 9742     		.uleb128 0x2117
 1075 0127 19       		.uleb128 0x19
 1076 0128 00       		.byte	0
 1077 0129 00       		.byte	0
 1078 012a 12       		.uleb128 0x12
 1079 012b 2E       		.uleb128 0x2e
ARM GAS  C:\Users\Sam\AppData\Local\Temp\ccFH1efk.s 			page 26


 1080 012c 00       		.byte	0
 1081 012d 3F       		.uleb128 0x3f
 1082 012e 19       		.uleb128 0x19
 1083 012f 03       		.uleb128 0x3
 1084 0130 0E       		.uleb128 0xe
 1085 0131 3A       		.uleb128 0x3a
 1086 0132 0B       		.uleb128 0xb
 1087 0133 3B       		.uleb128 0x3b
 1088 0134 05       		.uleb128 0x5
 1089 0135 27       		.uleb128 0x27
 1090 0136 19       		.uleb128 0x19
 1091 0137 49       		.uleb128 0x49
 1092 0138 13       		.uleb128 0x13
 1093 0139 11       		.uleb128 0x11
 1094 013a 01       		.uleb128 0x1
 1095 013b 12       		.uleb128 0x12
 1096 013c 06       		.uleb128 0x6
 1097 013d 40       		.uleb128 0x40
 1098 013e 18       		.uleb128 0x18
 1099 013f 9742     		.uleb128 0x2117
 1100 0141 19       		.uleb128 0x19
 1101 0142 00       		.byte	0
 1102 0143 00       		.byte	0
 1103 0144 13       		.uleb128 0x13
 1104 0145 01       		.uleb128 0x1
 1105 0146 01       		.byte	0x1
 1106 0147 49       		.uleb128 0x49
 1107 0148 13       		.uleb128 0x13
 1108 0149 01       		.uleb128 0x1
 1109 014a 13       		.uleb128 0x13
 1110 014b 00       		.byte	0
 1111 014c 00       		.byte	0
 1112 014d 14       		.uleb128 0x14
 1113 014e 21       		.uleb128 0x21
 1114 014f 00       		.byte	0
 1115 0150 49       		.uleb128 0x49
 1116 0151 13       		.uleb128 0x13
 1117 0152 2F       		.uleb128 0x2f
 1118 0153 0B       		.uleb128 0xb
 1119 0154 00       		.byte	0
 1120 0155 00       		.byte	0
 1121 0156 15       		.uleb128 0x15
 1122 0157 34       		.uleb128 0x34
 1123 0158 00       		.byte	0
 1124 0159 03       		.uleb128 0x3
 1125 015a 0E       		.uleb128 0xe
 1126 015b 3A       		.uleb128 0x3a
 1127 015c 0B       		.uleb128 0xb
 1128 015d 3B       		.uleb128 0x3b
 1129 015e 0B       		.uleb128 0xb
 1130 015f 49       		.uleb128 0x49
 1131 0160 13       		.uleb128 0x13
 1132 0161 3F       		.uleb128 0x3f
 1133 0162 19       		.uleb128 0x19
 1134 0163 3C       		.uleb128 0x3c
 1135 0164 19       		.uleb128 0x19
 1136 0165 00       		.byte	0
ARM GAS  C:\Users\Sam\AppData\Local\Temp\ccFH1efk.s 			page 27


 1137 0166 00       		.byte	0
 1138 0167 00       		.byte	0
 1139              		.section	.debug_aranges,"",%progbits
 1140 0000 7C000000 		.4byte	0x7c
 1141 0004 0200     		.2byte	0x2
 1142 0006 00000000 		.4byte	.Ldebug_info0
 1143 000a 04       		.byte	0x4
 1144 000b 00       		.byte	0
 1145 000c 0000     		.2byte	0
 1146 000e 0000     		.2byte	0
 1147 0010 00000000 		.4byte	.LFB0
 1148 0014 24000000 		.4byte	.LFE0-.LFB0
 1149 0018 00000000 		.4byte	.LFB1
 1150 001c 24000000 		.4byte	.LFE1-.LFB1
 1151 0020 00000000 		.4byte	.LFB2
 1152 0024 18000000 		.4byte	.LFE2-.LFB2
 1153 0028 00000000 		.4byte	.LFB3
 1154 002c 08000000 		.4byte	.LFE3-.LFB3
 1155 0030 00000000 		.4byte	.LFB4
 1156 0034 1C000000 		.4byte	.LFE4-.LFB4
 1157 0038 00000000 		.4byte	.LFB5
 1158 003c 14000000 		.4byte	.LFE5-.LFB5
 1159 0040 00000000 		.4byte	.LFB6
 1160 0044 50000000 		.4byte	.LFE6-.LFB6
 1161 0048 00000000 		.4byte	.LFB7
 1162 004c 2C000000 		.4byte	.LFE7-.LFB7
 1163 0050 00000000 		.4byte	.LFB8
 1164 0054 14000000 		.4byte	.LFE8-.LFB8
 1165 0058 00000000 		.4byte	.LFB9
 1166 005c 20000000 		.4byte	.LFE9-.LFB9
 1167 0060 00000000 		.4byte	.LFB10
 1168 0064 14000000 		.4byte	.LFE10-.LFB10
 1169 0068 00000000 		.4byte	.LFB11
 1170 006c 14000000 		.4byte	.LFE11-.LFB11
 1171 0070 00000000 		.4byte	.LFB12
 1172 0074 14000000 		.4byte	.LFE12-.LFB12
 1173 0078 00000000 		.4byte	0
 1174 007c 00000000 		.4byte	0
 1175              		.section	.debug_ranges,"",%progbits
 1176              	.Ldebug_ranges0:
 1177 0000 00000000 		.4byte	.LFB0
 1178 0004 24000000 		.4byte	.LFE0
 1179 0008 00000000 		.4byte	.LFB1
 1180 000c 24000000 		.4byte	.LFE1
 1181 0010 00000000 		.4byte	.LFB2
 1182 0014 18000000 		.4byte	.LFE2
 1183 0018 00000000 		.4byte	.LFB3
 1184 001c 08000000 		.4byte	.LFE3
 1185 0020 00000000 		.4byte	.LFB4
 1186 0024 1C000000 		.4byte	.LFE4
 1187 0028 00000000 		.4byte	.LFB5
 1188 002c 14000000 		.4byte	.LFE5
 1189 0030 00000000 		.4byte	.LFB6
 1190 0034 50000000 		.4byte	.LFE6
 1191 0038 00000000 		.4byte	.LFB7
 1192 003c 2C000000 		.4byte	.LFE7
 1193 0040 00000000 		.4byte	.LFB8
ARM GAS  C:\Users\Sam\AppData\Local\Temp\ccFH1efk.s 			page 28


 1194 0044 14000000 		.4byte	.LFE8
 1195 0048 00000000 		.4byte	.LFB9
 1196 004c 20000000 		.4byte	.LFE9
 1197 0050 00000000 		.4byte	.LFB10
 1198 0054 14000000 		.4byte	.LFE10
 1199 0058 00000000 		.4byte	.LFB11
 1200 005c 14000000 		.4byte	.LFE11
 1201 0060 00000000 		.4byte	.LFB12
 1202 0064 14000000 		.4byte	.LFE12
 1203 0068 00000000 		.4byte	0
 1204 006c 00000000 		.4byte	0
 1205              		.section	.debug_line,"",%progbits
 1206              	.Ldebug_line0:
 1207 0000 57010000 		.section	.debug_str,"MS",%progbits,1
 1207      02004B00 
 1207      00000201 
 1207      FB0E0D00 
 1207      01010101 
 1208              	.LASF14:
 1209 0000 72656733 		.ascii	"reg32\000"
 1209      3200
 1210              	.LASF37:
 1211 0006 43795261 		.ascii	"CyRamVectors\000"
 1211      6D566563 
 1211      746F7273 
 1211      00
 1212              	.LASF31:
 1213 0013 456E644F 		.ascii	"EndOfMessage_SetPending\000"
 1213      664D6573 
 1213      73616765 
 1213      5F536574 
 1213      50656E64 
 1214              	.LASF36:
 1215 002b 456E644F 		.ascii	"EndOfMessage_GetPriority\000"
 1215      664D6573 
 1215      73616765 
 1215      5F476574 
 1215      5072696F 
 1216              	.LASF19:
 1217 0044 456E644F 		.ascii	"EndOfMessage_Interrupt\000"
 1217      664D6573 
 1217      73616765 
 1217      5F496E74 
 1217      65727275 
 1218              	.LASF3:
 1219 005b 73686F72 		.ascii	"short unsigned int\000"
 1219      7420756E 
 1219      7369676E 
 1219      65642069 
 1219      6E7400
 1220              	.LASF18:
 1221 006e 456E644F 		.ascii	"EndOfMessage_Stop\000"
 1221      664D6573 
 1221      73616765 
 1221      5F53746F 
 1221      7000
 1222              	.LASF11:
ARM GAS  C:\Users\Sam\AppData\Local\Temp\ccFH1efk.s 			page 29


 1223 0080 666C6F61 		.ascii	"float\000"
 1223      7400
 1224              	.LASF33:
 1225 0086 474E5520 		.ascii	"GNU C 4.8.4 20140526 (release) [ARM/embedded-4_8-br"
 1225      4320342E 
 1225      382E3420 
 1225      32303134 
 1225      30353236 
 1226 00b9 616E6368 		.ascii	"anch revision 211358] -mcpu=cortex-m0 -mthumb -g -O"
 1226      20726576 
 1226      6973696F 
 1226      6E203231 
 1226      31333538 
 1227 00ec 30202D66 		.ascii	"0 -ffunction-sections\000"
 1227      66756E63 
 1227      74696F6E 
 1227      2D736563 
 1227      74696F6E 
 1228              	.LASF1:
 1229 0102 756E7369 		.ascii	"unsigned char\000"
 1229      676E6564 
 1229      20636861 
 1229      7200
 1230              	.LASF25:
 1231 0110 696E7465 		.ascii	"interruptState\000"
 1231      72727570 
 1231      74537461 
 1231      746500
 1232              	.LASF5:
 1233 011f 6C6F6E67 		.ascii	"long unsigned int\000"
 1233      20756E73 
 1233      69676E65 
 1233      6420696E 
 1233      7400
 1234              	.LASF9:
 1235 0131 75696E74 		.ascii	"uint8\000"
 1235      3800
 1236              	.LASF23:
 1237 0137 456E644F 		.ascii	"EndOfMessage_SetPriority\000"
 1237      664D6573 
 1237      73616765 
 1237      5F536574 
 1237      5072696F 
 1238              	.LASF24:
 1239 0150 7072696F 		.ascii	"priority\000"
 1239      72697479 
 1239      00
 1240              	.LASF32:
 1241 0159 456E644F 		.ascii	"EndOfMessage_ClearPending\000"
 1241      664D6573 
 1241      73616765 
 1241      5F436C65 
 1241      61725065 
 1242              	.LASF12:
 1243 0173 646F7562 		.ascii	"double\000"
 1243      6C6500
 1244              	.LASF27:
ARM GAS  C:\Users\Sam\AppData\Local\Temp\ccFH1efk.s 			page 30


 1245 017a 456E644F 		.ascii	"EndOfMessage_Enable\000"
 1245      664D6573 
 1245      73616765 
 1245      5F456E61 
 1245      626C6500 
 1246              	.LASF34:
 1247 018e 2E5C4765 		.ascii	".\\Generated_Source\\PSoC4\\EndOfMessage.c\000"
 1247      6E657261 
 1247      7465645F 
 1247      536F7572 
 1247      63655C50 
 1248              	.LASF10:
 1249 01b6 75696E74 		.ascii	"uint32\000"
 1249      333200
 1250              	.LASF8:
 1251 01bd 756E7369 		.ascii	"unsigned int\000"
 1251      676E6564 
 1251      20696E74 
 1251      00
 1252              	.LASF22:
 1253 01ca 61646472 		.ascii	"address\000"
 1253      65737300 
 1254              	.LASF7:
 1255 01d2 6C6F6E67 		.ascii	"long long unsigned int\000"
 1255      206C6F6E 
 1255      6720756E 
 1255      7369676E 
 1255      65642069 
 1256              	.LASF15:
 1257 01e9 63796973 		.ascii	"cyisraddress\000"
 1257      72616464 
 1257      72657373 
 1257      00
 1258              	.LASF20:
 1259 01f6 456E644F 		.ascii	"EndOfMessage_StartEx\000"
 1259      664D6573 
 1259      73616765 
 1259      5F537461 
 1259      72744578 
 1260              	.LASF16:
 1261 020b 73697A65 		.ascii	"sizetype\000"
 1261      74797065 
 1261      00
 1262              	.LASF6:
 1263 0214 6C6F6E67 		.ascii	"long long int\000"
 1263      206C6F6E 
 1263      6720696E 
 1263      7400
 1264              	.LASF21:
 1265 0222 456E644F 		.ascii	"EndOfMessage_SetVector\000"
 1265      664D6573 
 1265      73616765 
 1265      5F536574 
 1265      56656374 
 1266              	.LASF13:
 1267 0239 63686172 		.ascii	"char\000"
 1267      00
ARM GAS  C:\Users\Sam\AppData\Local\Temp\ccFH1efk.s 			page 31


 1268              	.LASF35:
 1269 023e 433A5C55 		.ascii	"C:\\Users\\Sam\\OneDrive\\Project\\Software\\PSoC S"
 1269      73657273 
 1269      5C53616D 
 1269      5C4F6E65 
 1269      44726976 
 1270 026b 6F667477 		.ascii	"oftware\\PSoC 4 Pioneer Modbus Slave.cydsn\000"
 1270      6172655C 
 1270      50536F43 
 1270      20342050 
 1270      696F6E65 
 1271              	.LASF28:
 1272 0295 456E644F 		.ascii	"EndOfMessage_GetVector\000"
 1272      664D6573 
 1272      73616765 
 1272      5F476574 
 1272      56656374 
 1273              	.LASF2:
 1274 02ac 73686F72 		.ascii	"short int\000"
 1274      7420696E 
 1274      7400
 1275              	.LASF26:
 1276 02b6 7072696F 		.ascii	"priorityOffset\000"
 1276      72697479 
 1276      4F666673 
 1276      657400
 1277              	.LASF4:
 1278 02c5 6C6F6E67 		.ascii	"long int\000"
 1278      20696E74 
 1278      00
 1279              	.LASF29:
 1280 02ce 456E644F 		.ascii	"EndOfMessage_GetState\000"
 1280      664D6573 
 1280      73616765 
 1280      5F476574 
 1280      53746174 
 1281              	.LASF0:
 1282 02e4 7369676E 		.ascii	"signed char\000"
 1282      65642063 
 1282      68617200 
 1283              	.LASF30:
 1284 02f0 456E644F 		.ascii	"EndOfMessage_Disable\000"
 1284      664D6573 
 1284      73616765 
 1284      5F446973 
 1284      61626C65 
 1285              	.LASF17:
 1286 0305 456E644F 		.ascii	"EndOfMessage_Start\000"
 1286      664D6573 
 1286      73616765 
 1286      5F537461 
 1286      727400
 1287              		.ident	"GCC: (GNU Tools for ARM Embedded Processors) 4.8.4 20140526 (release) [ARM/embedded-4_8-br
