ARM GAS  C:\Users\Sam\AppData\Local\Temp\ccwlycdH.s 			page 1


   1              		.cpu cortex-m0
   2              		.fpu softvfp
   3              		.eabi_attribute 20, 1
   4              		.eabi_attribute 21, 1
   5              		.eabi_attribute 23, 3
   6              		.eabi_attribute 24, 1
   7              		.eabi_attribute 25, 1
   8              		.eabi_attribute 26, 1
   9              		.eabi_attribute 30, 6
  10              		.eabi_attribute 34, 0
  11              		.eabi_attribute 18, 4
  12              		.code	16
  13              		.file	"MessageReceived.c"
  14              		.text
  15              	.Ltext0:
  16              		.cfi_sections	.debug_frame
  17              		.section	.text.MessageReceived_Start,"ax",%progbits
  18              		.align	2
  19              		.global	MessageReceived_Start
  20              		.code	16
  21              		.thumb_func
  22              		.type	MessageReceived_Start, %function
  23              	MessageReceived_Start:
  24              	.LFB0:
  25              		.file 1 ".\\Generated_Source\\PSoC4\\MessageReceived.c"
   1:.\Generated_Source\PSoC4/MessageReceived.c **** /*******************************************************************************
   2:.\Generated_Source\PSoC4/MessageReceived.c **** * File Name: MessageReceived.c  
   3:.\Generated_Source\PSoC4/MessageReceived.c **** * Version 1.70
   4:.\Generated_Source\PSoC4/MessageReceived.c **** *
   5:.\Generated_Source\PSoC4/MessageReceived.c **** *  Description:
   6:.\Generated_Source\PSoC4/MessageReceived.c **** *   API for controlling the state of an interrupt.
   7:.\Generated_Source\PSoC4/MessageReceived.c **** *
   8:.\Generated_Source\PSoC4/MessageReceived.c **** *
   9:.\Generated_Source\PSoC4/MessageReceived.c **** *  Note:
  10:.\Generated_Source\PSoC4/MessageReceived.c **** *
  11:.\Generated_Source\PSoC4/MessageReceived.c **** ********************************************************************************
  12:.\Generated_Source\PSoC4/MessageReceived.c **** * Copyright 2008-2012, Cypress Semiconductor Corporation.  All rights reserved.
  13:.\Generated_Source\PSoC4/MessageReceived.c **** * You may use this file only in accordance with the license, terms, conditions, 
  14:.\Generated_Source\PSoC4/MessageReceived.c **** * disclaimers, and limitations in the end user license agreement accompanying 
  15:.\Generated_Source\PSoC4/MessageReceived.c **** * the software package with which this file was provided.
  16:.\Generated_Source\PSoC4/MessageReceived.c **** *******************************************************************************/
  17:.\Generated_Source\PSoC4/MessageReceived.c **** 
  18:.\Generated_Source\PSoC4/MessageReceived.c **** 
  19:.\Generated_Source\PSoC4/MessageReceived.c **** #include <cydevice_trm.h>
  20:.\Generated_Source\PSoC4/MessageReceived.c **** #include <CyLib.h>
  21:.\Generated_Source\PSoC4/MessageReceived.c **** #include <MessageReceived.h>
  22:.\Generated_Source\PSoC4/MessageReceived.c **** 
  23:.\Generated_Source\PSoC4/MessageReceived.c **** #if !defined(MessageReceived__REMOVED) /* Check for removal by optimization */
  24:.\Generated_Source\PSoC4/MessageReceived.c **** 
  25:.\Generated_Source\PSoC4/MessageReceived.c **** /*******************************************************************************
  26:.\Generated_Source\PSoC4/MessageReceived.c **** *  Place your includes, defines and code here 
  27:.\Generated_Source\PSoC4/MessageReceived.c **** ********************************************************************************/
  28:.\Generated_Source\PSoC4/MessageReceived.c **** /* `#START MessageReceived_intc` */
  29:.\Generated_Source\PSoC4/MessageReceived.c **** 
  30:.\Generated_Source\PSoC4/MessageReceived.c **** /* `#END` */
  31:.\Generated_Source\PSoC4/MessageReceived.c **** 
  32:.\Generated_Source\PSoC4/MessageReceived.c **** extern cyisraddress CyRamVectors[CYINT_IRQ_BASE + CY_NUM_INTERRUPTS];
ARM GAS  C:\Users\Sam\AppData\Local\Temp\ccwlycdH.s 			page 2


  33:.\Generated_Source\PSoC4/MessageReceived.c **** 
  34:.\Generated_Source\PSoC4/MessageReceived.c **** /* Declared in startup, used to set unused interrupts to. */
  35:.\Generated_Source\PSoC4/MessageReceived.c **** CY_ISR_PROTO(IntDefaultHandler);
  36:.\Generated_Source\PSoC4/MessageReceived.c **** 
  37:.\Generated_Source\PSoC4/MessageReceived.c **** 
  38:.\Generated_Source\PSoC4/MessageReceived.c **** /*******************************************************************************
  39:.\Generated_Source\PSoC4/MessageReceived.c **** * Function Name: MessageReceived_Start
  40:.\Generated_Source\PSoC4/MessageReceived.c **** ********************************************************************************
  41:.\Generated_Source\PSoC4/MessageReceived.c **** *
  42:.\Generated_Source\PSoC4/MessageReceived.c **** * Summary:
  43:.\Generated_Source\PSoC4/MessageReceived.c **** *  Set up the interrupt and enable it.
  44:.\Generated_Source\PSoC4/MessageReceived.c **** *
  45:.\Generated_Source\PSoC4/MessageReceived.c **** * Parameters:  
  46:.\Generated_Source\PSoC4/MessageReceived.c **** *   None
  47:.\Generated_Source\PSoC4/MessageReceived.c **** *
  48:.\Generated_Source\PSoC4/MessageReceived.c **** * Return:
  49:.\Generated_Source\PSoC4/MessageReceived.c **** *   None
  50:.\Generated_Source\PSoC4/MessageReceived.c **** *
  51:.\Generated_Source\PSoC4/MessageReceived.c **** *******************************************************************************/
  52:.\Generated_Source\PSoC4/MessageReceived.c **** void MessageReceived_Start(void)
  53:.\Generated_Source\PSoC4/MessageReceived.c **** {
  26              		.loc 1 53 0
  27              		.cfi_startproc
  28 0000 80B5     		push	{r7, lr}
  29              		.cfi_def_cfa_offset 8
  30              		.cfi_offset 7, -8
  31              		.cfi_offset 14, -4
  32 0002 00AF     		add	r7, sp, #0
  33              		.cfi_def_cfa_register 7
  54:.\Generated_Source\PSoC4/MessageReceived.c ****     /* For all we know the interrupt is active. */
  55:.\Generated_Source\PSoC4/MessageReceived.c ****     MessageReceived_Disable();
  34              		.loc 1 55 0
  35 0004 FFF7FEFF 		bl	MessageReceived_Disable
  56:.\Generated_Source\PSoC4/MessageReceived.c **** 
  57:.\Generated_Source\PSoC4/MessageReceived.c ****     /* Set the ISR to point to the MessageReceived Interrupt. */
  58:.\Generated_Source\PSoC4/MessageReceived.c ****     MessageReceived_SetVector(&MessageReceived_Interrupt);
  36              		.loc 1 58 0
  37 0008 054B     		ldr	r3, .L2
  38 000a 181C     		mov	r0, r3
  39 000c FFF7FEFF 		bl	MessageReceived_SetVector
  59:.\Generated_Source\PSoC4/MessageReceived.c **** 
  60:.\Generated_Source\PSoC4/MessageReceived.c ****     /* Set the priority. */
  61:.\Generated_Source\PSoC4/MessageReceived.c ****     MessageReceived_SetPriority((uint8)MessageReceived_INTC_PRIOR_NUMBER);
  40              		.loc 1 61 0
  41 0010 0020     		mov	r0, #0
  42 0012 FFF7FEFF 		bl	MessageReceived_SetPriority
  62:.\Generated_Source\PSoC4/MessageReceived.c **** 
  63:.\Generated_Source\PSoC4/MessageReceived.c ****     /* Enable it. */
  64:.\Generated_Source\PSoC4/MessageReceived.c ****     MessageReceived_Enable();
  43              		.loc 1 64 0
  44 0016 FFF7FEFF 		bl	MessageReceived_Enable
  65:.\Generated_Source\PSoC4/MessageReceived.c **** }
  45              		.loc 1 65 0
  46 001a BD46     		mov	sp, r7
  47              		@ sp needed
  48 001c 80BD     		pop	{r7, pc}
  49              	.L3:
ARM GAS  C:\Users\Sam\AppData\Local\Temp\ccwlycdH.s 			page 3


  50 001e C046     		.align	2
  51              	.L2:
  52 0020 00000000 		.word	MessageReceived_Interrupt
  53              		.cfi_endproc
  54              	.LFE0:
  55              		.size	MessageReceived_Start, .-MessageReceived_Start
  56              		.section	.text.MessageReceived_StartEx,"ax",%progbits
  57              		.align	2
  58              		.global	MessageReceived_StartEx
  59              		.code	16
  60              		.thumb_func
  61              		.type	MessageReceived_StartEx, %function
  62              	MessageReceived_StartEx:
  63              	.LFB1:
  66:.\Generated_Source\PSoC4/MessageReceived.c **** 
  67:.\Generated_Source\PSoC4/MessageReceived.c **** 
  68:.\Generated_Source\PSoC4/MessageReceived.c **** /*******************************************************************************
  69:.\Generated_Source\PSoC4/MessageReceived.c **** * Function Name: MessageReceived_StartEx
  70:.\Generated_Source\PSoC4/MessageReceived.c **** ********************************************************************************
  71:.\Generated_Source\PSoC4/MessageReceived.c **** *
  72:.\Generated_Source\PSoC4/MessageReceived.c **** * Summary:
  73:.\Generated_Source\PSoC4/MessageReceived.c **** *  Set up the interrupt and enable it.
  74:.\Generated_Source\PSoC4/MessageReceived.c **** *
  75:.\Generated_Source\PSoC4/MessageReceived.c **** * Parameters:  
  76:.\Generated_Source\PSoC4/MessageReceived.c **** *   address: Address of the ISR to set in the interrupt vector table.
  77:.\Generated_Source\PSoC4/MessageReceived.c **** *
  78:.\Generated_Source\PSoC4/MessageReceived.c **** * Return:
  79:.\Generated_Source\PSoC4/MessageReceived.c **** *   None
  80:.\Generated_Source\PSoC4/MessageReceived.c **** *
  81:.\Generated_Source\PSoC4/MessageReceived.c **** *******************************************************************************/
  82:.\Generated_Source\PSoC4/MessageReceived.c **** void MessageReceived_StartEx(cyisraddress address)
  83:.\Generated_Source\PSoC4/MessageReceived.c **** {
  64              		.loc 1 83 0
  65              		.cfi_startproc
  66 0000 80B5     		push	{r7, lr}
  67              		.cfi_def_cfa_offset 8
  68              		.cfi_offset 7, -8
  69              		.cfi_offset 14, -4
  70 0002 82B0     		sub	sp, sp, #8
  71              		.cfi_def_cfa_offset 16
  72 0004 00AF     		add	r7, sp, #0
  73              		.cfi_def_cfa_register 7
  74 0006 7860     		str	r0, [r7, #4]
  84:.\Generated_Source\PSoC4/MessageReceived.c ****     /* For all we know the interrupt is active. */
  85:.\Generated_Source\PSoC4/MessageReceived.c ****     MessageReceived_Disable();
  75              		.loc 1 85 0
  76 0008 FFF7FEFF 		bl	MessageReceived_Disable
  86:.\Generated_Source\PSoC4/MessageReceived.c **** 
  87:.\Generated_Source\PSoC4/MessageReceived.c ****     /* Set the ISR to point to the MessageReceived Interrupt. */
  88:.\Generated_Source\PSoC4/MessageReceived.c ****     MessageReceived_SetVector(address);
  77              		.loc 1 88 0
  78 000c 7B68     		ldr	r3, [r7, #4]
  79 000e 181C     		mov	r0, r3
  80 0010 FFF7FEFF 		bl	MessageReceived_SetVector
  89:.\Generated_Source\PSoC4/MessageReceived.c **** 
  90:.\Generated_Source\PSoC4/MessageReceived.c ****     /* Set the priority. */
  91:.\Generated_Source\PSoC4/MessageReceived.c ****     MessageReceived_SetPriority((uint8)MessageReceived_INTC_PRIOR_NUMBER);
ARM GAS  C:\Users\Sam\AppData\Local\Temp\ccwlycdH.s 			page 4


  81              		.loc 1 91 0
  82 0014 0020     		mov	r0, #0
  83 0016 FFF7FEFF 		bl	MessageReceived_SetPriority
  92:.\Generated_Source\PSoC4/MessageReceived.c **** 
  93:.\Generated_Source\PSoC4/MessageReceived.c ****     /* Enable it. */
  94:.\Generated_Source\PSoC4/MessageReceived.c ****     MessageReceived_Enable();
  84              		.loc 1 94 0
  85 001a FFF7FEFF 		bl	MessageReceived_Enable
  95:.\Generated_Source\PSoC4/MessageReceived.c **** }
  86              		.loc 1 95 0
  87 001e BD46     		mov	sp, r7
  88 0020 02B0     		add	sp, sp, #8
  89              		@ sp needed
  90 0022 80BD     		pop	{r7, pc}
  91              		.cfi_endproc
  92              	.LFE1:
  93              		.size	MessageReceived_StartEx, .-MessageReceived_StartEx
  94              		.section	.text.MessageReceived_Stop,"ax",%progbits
  95              		.align	2
  96              		.global	MessageReceived_Stop
  97              		.code	16
  98              		.thumb_func
  99              		.type	MessageReceived_Stop, %function
 100              	MessageReceived_Stop:
 101              	.LFB2:
  96:.\Generated_Source\PSoC4/MessageReceived.c **** 
  97:.\Generated_Source\PSoC4/MessageReceived.c **** 
  98:.\Generated_Source\PSoC4/MessageReceived.c **** /*******************************************************************************
  99:.\Generated_Source\PSoC4/MessageReceived.c **** * Function Name: MessageReceived_Stop
 100:.\Generated_Source\PSoC4/MessageReceived.c **** ********************************************************************************
 101:.\Generated_Source\PSoC4/MessageReceived.c **** *
 102:.\Generated_Source\PSoC4/MessageReceived.c **** * Summary:
 103:.\Generated_Source\PSoC4/MessageReceived.c **** *   Disables and removes the interrupt.
 104:.\Generated_Source\PSoC4/MessageReceived.c **** *
 105:.\Generated_Source\PSoC4/MessageReceived.c **** * Parameters:  
 106:.\Generated_Source\PSoC4/MessageReceived.c **** *
 107:.\Generated_Source\PSoC4/MessageReceived.c **** * Return:
 108:.\Generated_Source\PSoC4/MessageReceived.c **** *   None
 109:.\Generated_Source\PSoC4/MessageReceived.c **** *
 110:.\Generated_Source\PSoC4/MessageReceived.c **** *******************************************************************************/
 111:.\Generated_Source\PSoC4/MessageReceived.c **** void MessageReceived_Stop(void)
 112:.\Generated_Source\PSoC4/MessageReceived.c **** {
 102              		.loc 1 112 0
 103              		.cfi_startproc
 104 0000 80B5     		push	{r7, lr}
 105              		.cfi_def_cfa_offset 8
 106              		.cfi_offset 7, -8
 107              		.cfi_offset 14, -4
 108 0002 00AF     		add	r7, sp, #0
 109              		.cfi_def_cfa_register 7
 113:.\Generated_Source\PSoC4/MessageReceived.c ****     /* Disable this interrupt. */
 114:.\Generated_Source\PSoC4/MessageReceived.c ****     MessageReceived_Disable();
 110              		.loc 1 114 0
 111 0004 FFF7FEFF 		bl	MessageReceived_Disable
 115:.\Generated_Source\PSoC4/MessageReceived.c **** 
 116:.\Generated_Source\PSoC4/MessageReceived.c ****     /* Set the ISR to point to the passive one. */
 117:.\Generated_Source\PSoC4/MessageReceived.c ****     MessageReceived_SetVector(&IntDefaultHandler);
ARM GAS  C:\Users\Sam\AppData\Local\Temp\ccwlycdH.s 			page 5


 112              		.loc 1 117 0
 113 0008 024B     		ldr	r3, .L6
 114 000a 181C     		mov	r0, r3
 115 000c FFF7FEFF 		bl	MessageReceived_SetVector
 118:.\Generated_Source\PSoC4/MessageReceived.c **** }
 116              		.loc 1 118 0
 117 0010 BD46     		mov	sp, r7
 118              		@ sp needed
 119 0012 80BD     		pop	{r7, pc}
 120              	.L7:
 121              		.align	2
 122              	.L6:
 123 0014 00000000 		.word	IntDefaultHandler
 124              		.cfi_endproc
 125              	.LFE2:
 126              		.size	MessageReceived_Stop, .-MessageReceived_Stop
 127              		.section	.text.MessageReceived_Interrupt,"ax",%progbits
 128              		.align	2
 129              		.global	MessageReceived_Interrupt
 130              		.code	16
 131              		.thumb_func
 132              		.type	MessageReceived_Interrupt, %function
 133              	MessageReceived_Interrupt:
 134              	.LFB3:
 119:.\Generated_Source\PSoC4/MessageReceived.c **** 
 120:.\Generated_Source\PSoC4/MessageReceived.c **** 
 121:.\Generated_Source\PSoC4/MessageReceived.c **** /*******************************************************************************
 122:.\Generated_Source\PSoC4/MessageReceived.c **** * Function Name: MessageReceived_Interrupt
 123:.\Generated_Source\PSoC4/MessageReceived.c **** ********************************************************************************
 124:.\Generated_Source\PSoC4/MessageReceived.c **** *
 125:.\Generated_Source\PSoC4/MessageReceived.c **** * Summary:
 126:.\Generated_Source\PSoC4/MessageReceived.c **** *   The default Interrupt Service Routine for MessageReceived.
 127:.\Generated_Source\PSoC4/MessageReceived.c **** *
 128:.\Generated_Source\PSoC4/MessageReceived.c **** *   Add custom code between the coments to keep the next version of this file
 129:.\Generated_Source\PSoC4/MessageReceived.c **** *   from over writting your code.
 130:.\Generated_Source\PSoC4/MessageReceived.c **** *
 131:.\Generated_Source\PSoC4/MessageReceived.c **** * Parameters:  
 132:.\Generated_Source\PSoC4/MessageReceived.c **** *   None
 133:.\Generated_Source\PSoC4/MessageReceived.c **** *
 134:.\Generated_Source\PSoC4/MessageReceived.c **** * Return:
 135:.\Generated_Source\PSoC4/MessageReceived.c **** *   None
 136:.\Generated_Source\PSoC4/MessageReceived.c **** *
 137:.\Generated_Source\PSoC4/MessageReceived.c **** *******************************************************************************/
 138:.\Generated_Source\PSoC4/MessageReceived.c **** CY_ISR(MessageReceived_Interrupt)
 139:.\Generated_Source\PSoC4/MessageReceived.c **** {
 135              		.loc 1 139 0
 136              		.cfi_startproc
 137 0000 80B5     		push	{r7, lr}
 138              		.cfi_def_cfa_offset 8
 139              		.cfi_offset 7, -8
 140              		.cfi_offset 14, -4
 141 0002 00AF     		add	r7, sp, #0
 142              		.cfi_def_cfa_register 7
 140:.\Generated_Source\PSoC4/MessageReceived.c ****     /*  Place your Interrupt code here. */
 141:.\Generated_Source\PSoC4/MessageReceived.c ****     /* `#START MessageReceived_Interrupt` */
 142:.\Generated_Source\PSoC4/MessageReceived.c **** 
 143:.\Generated_Source\PSoC4/MessageReceived.c ****     /* `#END` */
ARM GAS  C:\Users\Sam\AppData\Local\Temp\ccwlycdH.s 			page 6


 144:.\Generated_Source\PSoC4/MessageReceived.c **** }
 143              		.loc 1 144 0
 144 0004 BD46     		mov	sp, r7
 145              		@ sp needed
 146 0006 80BD     		pop	{r7, pc}
 147              		.cfi_endproc
 148              	.LFE3:
 149              		.size	MessageReceived_Interrupt, .-MessageReceived_Interrupt
 150              		.section	.text.MessageReceived_SetVector,"ax",%progbits
 151              		.align	2
 152              		.global	MessageReceived_SetVector
 153              		.code	16
 154              		.thumb_func
 155              		.type	MessageReceived_SetVector, %function
 156              	MessageReceived_SetVector:
 157              	.LFB4:
 145:.\Generated_Source\PSoC4/MessageReceived.c **** 
 146:.\Generated_Source\PSoC4/MessageReceived.c **** 
 147:.\Generated_Source\PSoC4/MessageReceived.c **** /*******************************************************************************
 148:.\Generated_Source\PSoC4/MessageReceived.c **** * Function Name: MessageReceived_SetVector
 149:.\Generated_Source\PSoC4/MessageReceived.c **** ********************************************************************************
 150:.\Generated_Source\PSoC4/MessageReceived.c **** *
 151:.\Generated_Source\PSoC4/MessageReceived.c **** * Summary:
 152:.\Generated_Source\PSoC4/MessageReceived.c **** *   Change the ISR vector for the Interrupt. Note calling MessageReceived_Start
 153:.\Generated_Source\PSoC4/MessageReceived.c **** *   will override any effect this method would have had. To set the vector 
 154:.\Generated_Source\PSoC4/MessageReceived.c **** *   before the component has been started use MessageReceived_StartEx instead.
 155:.\Generated_Source\PSoC4/MessageReceived.c **** *
 156:.\Generated_Source\PSoC4/MessageReceived.c **** * Parameters:
 157:.\Generated_Source\PSoC4/MessageReceived.c **** *   address: Address of the ISR to set in the interrupt vector table.
 158:.\Generated_Source\PSoC4/MessageReceived.c **** *
 159:.\Generated_Source\PSoC4/MessageReceived.c **** * Return:
 160:.\Generated_Source\PSoC4/MessageReceived.c **** *   None
 161:.\Generated_Source\PSoC4/MessageReceived.c **** *
 162:.\Generated_Source\PSoC4/MessageReceived.c **** *******************************************************************************/
 163:.\Generated_Source\PSoC4/MessageReceived.c **** void MessageReceived_SetVector(cyisraddress address)
 164:.\Generated_Source\PSoC4/MessageReceived.c **** {
 158              		.loc 1 164 0
 159              		.cfi_startproc
 160 0000 80B5     		push	{r7, lr}
 161              		.cfi_def_cfa_offset 8
 162              		.cfi_offset 7, -8
 163              		.cfi_offset 14, -4
 164 0002 82B0     		sub	sp, sp, #8
 165              		.cfi_def_cfa_offset 16
 166 0004 00AF     		add	r7, sp, #0
 167              		.cfi_def_cfa_register 7
 168 0006 7860     		str	r0, [r7, #4]
 165:.\Generated_Source\PSoC4/MessageReceived.c ****     CyRamVectors[CYINT_IRQ_BASE + MessageReceived__INTC_NUMBER] = address;
 169              		.loc 1 165 0
 170 0008 024B     		ldr	r3, .L10
 171 000a 7A68     		ldr	r2, [r7, #4]
 172 000c DA66     		str	r2, [r3, #108]
 166:.\Generated_Source\PSoC4/MessageReceived.c **** }
 173              		.loc 1 166 0
 174 000e BD46     		mov	sp, r7
 175 0010 02B0     		add	sp, sp, #8
 176              		@ sp needed
ARM GAS  C:\Users\Sam\AppData\Local\Temp\ccwlycdH.s 			page 7


 177 0012 80BD     		pop	{r7, pc}
 178              	.L11:
 179              		.align	2
 180              	.L10:
 181 0014 00000000 		.word	CyRamVectors
 182              		.cfi_endproc
 183              	.LFE4:
 184              		.size	MessageReceived_SetVector, .-MessageReceived_SetVector
 185              		.section	.text.MessageReceived_GetVector,"ax",%progbits
 186              		.align	2
 187              		.global	MessageReceived_GetVector
 188              		.code	16
 189              		.thumb_func
 190              		.type	MessageReceived_GetVector, %function
 191              	MessageReceived_GetVector:
 192              	.LFB5:
 167:.\Generated_Source\PSoC4/MessageReceived.c **** 
 168:.\Generated_Source\PSoC4/MessageReceived.c **** 
 169:.\Generated_Source\PSoC4/MessageReceived.c **** /*******************************************************************************
 170:.\Generated_Source\PSoC4/MessageReceived.c **** * Function Name: MessageReceived_GetVector
 171:.\Generated_Source\PSoC4/MessageReceived.c **** ********************************************************************************
 172:.\Generated_Source\PSoC4/MessageReceived.c **** *
 173:.\Generated_Source\PSoC4/MessageReceived.c **** * Summary:
 174:.\Generated_Source\PSoC4/MessageReceived.c **** *   Gets the "address" of the current ISR vector for the Interrupt.
 175:.\Generated_Source\PSoC4/MessageReceived.c **** *
 176:.\Generated_Source\PSoC4/MessageReceived.c **** * Parameters:
 177:.\Generated_Source\PSoC4/MessageReceived.c **** *   None
 178:.\Generated_Source\PSoC4/MessageReceived.c **** *
 179:.\Generated_Source\PSoC4/MessageReceived.c **** * Return:
 180:.\Generated_Source\PSoC4/MessageReceived.c **** *   Address of the ISR in the interrupt vector table.
 181:.\Generated_Source\PSoC4/MessageReceived.c **** *
 182:.\Generated_Source\PSoC4/MessageReceived.c **** *******************************************************************************/
 183:.\Generated_Source\PSoC4/MessageReceived.c **** cyisraddress MessageReceived_GetVector(void)
 184:.\Generated_Source\PSoC4/MessageReceived.c **** {
 193              		.loc 1 184 0
 194              		.cfi_startproc
 195 0000 80B5     		push	{r7, lr}
 196              		.cfi_def_cfa_offset 8
 197              		.cfi_offset 7, -8
 198              		.cfi_offset 14, -4
 199 0002 00AF     		add	r7, sp, #0
 200              		.cfi_def_cfa_register 7
 185:.\Generated_Source\PSoC4/MessageReceived.c ****     return CyRamVectors[CYINT_IRQ_BASE + MessageReceived__INTC_NUMBER];
 201              		.loc 1 185 0
 202 0004 024B     		ldr	r3, .L14
 203 0006 DB6E     		ldr	r3, [r3, #108]
 186:.\Generated_Source\PSoC4/MessageReceived.c **** }
 204              		.loc 1 186 0
 205 0008 181C     		mov	r0, r3
 206 000a BD46     		mov	sp, r7
 207              		@ sp needed
 208 000c 80BD     		pop	{r7, pc}
 209              	.L15:
 210 000e C046     		.align	2
 211              	.L14:
 212 0010 00000000 		.word	CyRamVectors
 213              		.cfi_endproc
ARM GAS  C:\Users\Sam\AppData\Local\Temp\ccwlycdH.s 			page 8


 214              	.LFE5:
 215              		.size	MessageReceived_GetVector, .-MessageReceived_GetVector
 216              		.section	.text.MessageReceived_SetPriority,"ax",%progbits
 217              		.align	2
 218              		.global	MessageReceived_SetPriority
 219              		.code	16
 220              		.thumb_func
 221              		.type	MessageReceived_SetPriority, %function
 222              	MessageReceived_SetPriority:
 223              	.LFB6:
 187:.\Generated_Source\PSoC4/MessageReceived.c **** 
 188:.\Generated_Source\PSoC4/MessageReceived.c **** 
 189:.\Generated_Source\PSoC4/MessageReceived.c **** /*******************************************************************************
 190:.\Generated_Source\PSoC4/MessageReceived.c **** * Function Name: MessageReceived_SetPriority
 191:.\Generated_Source\PSoC4/MessageReceived.c **** ********************************************************************************
 192:.\Generated_Source\PSoC4/MessageReceived.c **** *
 193:.\Generated_Source\PSoC4/MessageReceived.c **** * Summary:
 194:.\Generated_Source\PSoC4/MessageReceived.c **** *   Sets the Priority of the Interrupt. Note calling MessageReceived_Start
 195:.\Generated_Source\PSoC4/MessageReceived.c **** *   or MessageReceived_StartEx will override any effect this method would 
 196:.\Generated_Source\PSoC4/MessageReceived.c **** *   have had. This method should only be called after MessageReceived_Start or 
 197:.\Generated_Source\PSoC4/MessageReceived.c **** *   MessageReceived_StartEx has been called. To set the initial
 198:.\Generated_Source\PSoC4/MessageReceived.c **** *   priority for the component use the cydwr file in the tool.
 199:.\Generated_Source\PSoC4/MessageReceived.c **** *
 200:.\Generated_Source\PSoC4/MessageReceived.c **** * Parameters:
 201:.\Generated_Source\PSoC4/MessageReceived.c **** *   priority: Priority of the interrupt. 0 - 3, 0 being the highest.
 202:.\Generated_Source\PSoC4/MessageReceived.c **** *
 203:.\Generated_Source\PSoC4/MessageReceived.c **** * Return:
 204:.\Generated_Source\PSoC4/MessageReceived.c **** *   None
 205:.\Generated_Source\PSoC4/MessageReceived.c **** *
 206:.\Generated_Source\PSoC4/MessageReceived.c **** *******************************************************************************/
 207:.\Generated_Source\PSoC4/MessageReceived.c **** void MessageReceived_SetPriority(uint8 priority)
 208:.\Generated_Source\PSoC4/MessageReceived.c **** {
 224              		.loc 1 208 0
 225              		.cfi_startproc
 226 0000 90B5     		push	{r4, r7, lr}
 227              		.cfi_def_cfa_offset 12
 228              		.cfi_offset 4, -12
 229              		.cfi_offset 7, -8
 230              		.cfi_offset 14, -4
 231 0002 85B0     		sub	sp, sp, #20
 232              		.cfi_def_cfa_offset 32
 233 0004 00AF     		add	r7, sp, #0
 234              		.cfi_def_cfa_register 7
 235 0006 021C     		mov	r2, r0
 236 0008 FB1D     		add	r3, r7, #7
 237 000a 1A70     		strb	r2, [r3]
 209:.\Generated_Source\PSoC4/MessageReceived.c **** 	uint8 interruptState;
 210:.\Generated_Source\PSoC4/MessageReceived.c ****     uint32 priorityOffset = ((MessageReceived__INTC_NUMBER % 4u) * 8u) + 6u;
 238              		.loc 1 210 0
 239 000c 1E23     		mov	r3, #30
 240 000e FB60     		str	r3, [r7, #12]
 211:.\Generated_Source\PSoC4/MessageReceived.c ****     
 212:.\Generated_Source\PSoC4/MessageReceived.c **** 	interruptState = CyEnterCriticalSection();
 241              		.loc 1 212 0
 242 0010 3C1C     		mov	r4, r7
 243 0012 0B34     		add	r4, r4, #11
 244 0014 FFF7FEFF 		bl	CyEnterCriticalSection
ARM GAS  C:\Users\Sam\AppData\Local\Temp\ccwlycdH.s 			page 9


 245 0018 031C     		mov	r3, r0
 246 001a 2370     		strb	r3, [r4]
 213:.\Generated_Source\PSoC4/MessageReceived.c ****     *MessageReceived_INTC_PRIOR = (*MessageReceived_INTC_PRIOR & (uint32)(~MessageReceived__INTC_PR
 247              		.loc 1 213 0
 248 001c 0A4B     		ldr	r3, .L17
 249 001e 0A4A     		ldr	r2, .L17
 250 0020 1268     		ldr	r2, [r2]
 251 0022 9200     		lsl	r2, r2, #2
 252 0024 9108     		lsr	r1, r2, #2
 214:.\Generated_Source\PSoC4/MessageReceived.c ****                                     ((uint32)priority << priorityOffset);
 253              		.loc 1 214 0
 254 0026 FA1D     		add	r2, r7, #7
 255 0028 1078     		ldrb	r0, [r2]
 256 002a FA68     		ldr	r2, [r7, #12]
 257 002c 041C     		mov	r4, r0
 258 002e 9440     		lsl	r4, r4, r2
 259 0030 221C     		mov	r2, r4
 213:.\Generated_Source\PSoC4/MessageReceived.c ****     *MessageReceived_INTC_PRIOR = (*MessageReceived_INTC_PRIOR & (uint32)(~MessageReceived__INTC_PR
 260              		.loc 1 213 0
 261 0032 0A43     		orr	r2, r1
 262 0034 1A60     		str	r2, [r3]
 215:.\Generated_Source\PSoC4/MessageReceived.c **** 	CyExitCriticalSection(interruptState);
 263              		.loc 1 215 0
 264 0036 3B1C     		mov	r3, r7
 265 0038 0B33     		add	r3, r3, #11
 266 003a 1B78     		ldrb	r3, [r3]
 267 003c 181C     		mov	r0, r3
 268 003e FFF7FEFF 		bl	CyExitCriticalSection
 216:.\Generated_Source\PSoC4/MessageReceived.c **** }
 269              		.loc 1 216 0
 270 0042 BD46     		mov	sp, r7
 271 0044 05B0     		add	sp, sp, #20
 272              		@ sp needed
 273 0046 90BD     		pop	{r4, r7, pc}
 274              	.L18:
 275              		.align	2
 276              	.L17:
 277 0048 08E400E0 		.word	-536812536
 278              		.cfi_endproc
 279              	.LFE6:
 280              		.size	MessageReceived_SetPriority, .-MessageReceived_SetPriority
 281              		.section	.text.MessageReceived_GetPriority,"ax",%progbits
 282              		.align	2
 283              		.global	MessageReceived_GetPriority
 284              		.code	16
 285              		.thumb_func
 286              		.type	MessageReceived_GetPriority, %function
 287              	MessageReceived_GetPriority:
 288              	.LFB7:
 217:.\Generated_Source\PSoC4/MessageReceived.c **** 
 218:.\Generated_Source\PSoC4/MessageReceived.c **** 
 219:.\Generated_Source\PSoC4/MessageReceived.c **** /*******************************************************************************
 220:.\Generated_Source\PSoC4/MessageReceived.c **** * Function Name: MessageReceived_GetPriority
 221:.\Generated_Source\PSoC4/MessageReceived.c **** ********************************************************************************
 222:.\Generated_Source\PSoC4/MessageReceived.c **** *
 223:.\Generated_Source\PSoC4/MessageReceived.c **** * Summary:
 224:.\Generated_Source\PSoC4/MessageReceived.c **** *   Gets the Priority of the Interrupt.
ARM GAS  C:\Users\Sam\AppData\Local\Temp\ccwlycdH.s 			page 10


 225:.\Generated_Source\PSoC4/MessageReceived.c **** *
 226:.\Generated_Source\PSoC4/MessageReceived.c **** * Parameters:
 227:.\Generated_Source\PSoC4/MessageReceived.c **** *   None
 228:.\Generated_Source\PSoC4/MessageReceived.c **** *
 229:.\Generated_Source\PSoC4/MessageReceived.c **** * Return:
 230:.\Generated_Source\PSoC4/MessageReceived.c **** *   Priority of the interrupt. 0 - 3, 0 being the highest.
 231:.\Generated_Source\PSoC4/MessageReceived.c **** *
 232:.\Generated_Source\PSoC4/MessageReceived.c **** *******************************************************************************/
 233:.\Generated_Source\PSoC4/MessageReceived.c **** uint8 MessageReceived_GetPriority(void)
 234:.\Generated_Source\PSoC4/MessageReceived.c **** {
 289              		.loc 1 234 0
 290              		.cfi_startproc
 291 0000 80B5     		push	{r7, lr}
 292              		.cfi_def_cfa_offset 8
 293              		.cfi_offset 7, -8
 294              		.cfi_offset 14, -4
 295 0002 82B0     		sub	sp, sp, #8
 296              		.cfi_def_cfa_offset 16
 297 0004 00AF     		add	r7, sp, #0
 298              		.cfi_def_cfa_register 7
 235:.\Generated_Source\PSoC4/MessageReceived.c ****     uint32 priority;
 236:.\Generated_Source\PSoC4/MessageReceived.c **** 	uint32 priorityOffset = ((MessageReceived__INTC_NUMBER % 4u) * 8u) + 6u;
 299              		.loc 1 236 0
 300 0006 1E23     		mov	r3, #30
 301 0008 7B60     		str	r3, [r7, #4]
 237:.\Generated_Source\PSoC4/MessageReceived.c **** 
 238:.\Generated_Source\PSoC4/MessageReceived.c ****     priority = (*MessageReceived_INTC_PRIOR & MessageReceived__INTC_PRIOR_MASK) >> priorityOffset;
 302              		.loc 1 238 0
 303 000a 074B     		ldr	r3, .L21
 304 000c 1B68     		ldr	r3, [r3]
 305 000e 9B0F     		lsr	r3, r3, #30
 306 0010 9A07     		lsl	r2, r3, #30
 307 0012 7B68     		ldr	r3, [r7, #4]
 308 0014 111C     		mov	r1, r2
 309 0016 D940     		lsr	r1, r1, r3
 310 0018 0B1C     		mov	r3, r1
 311 001a 3B60     		str	r3, [r7]
 239:.\Generated_Source\PSoC4/MessageReceived.c **** 
 240:.\Generated_Source\PSoC4/MessageReceived.c ****     return (uint8)priority;
 312              		.loc 1 240 0
 313 001c 3B68     		ldr	r3, [r7]
 314 001e DBB2     		uxtb	r3, r3
 241:.\Generated_Source\PSoC4/MessageReceived.c **** }
 315              		.loc 1 241 0
 316 0020 181C     		mov	r0, r3
 317 0022 BD46     		mov	sp, r7
 318 0024 02B0     		add	sp, sp, #8
 319              		@ sp needed
 320 0026 80BD     		pop	{r7, pc}
 321              	.L22:
 322              		.align	2
 323              	.L21:
 324 0028 08E400E0 		.word	-536812536
 325              		.cfi_endproc
 326              	.LFE7:
 327              		.size	MessageReceived_GetPriority, .-MessageReceived_GetPriority
 328              		.section	.text.MessageReceived_Enable,"ax",%progbits
ARM GAS  C:\Users\Sam\AppData\Local\Temp\ccwlycdH.s 			page 11


 329              		.align	2
 330              		.global	MessageReceived_Enable
 331              		.code	16
 332              		.thumb_func
 333              		.type	MessageReceived_Enable, %function
 334              	MessageReceived_Enable:
 335              	.LFB8:
 242:.\Generated_Source\PSoC4/MessageReceived.c **** 
 243:.\Generated_Source\PSoC4/MessageReceived.c **** 
 244:.\Generated_Source\PSoC4/MessageReceived.c **** /*******************************************************************************
 245:.\Generated_Source\PSoC4/MessageReceived.c **** * Function Name: MessageReceived_Enable
 246:.\Generated_Source\PSoC4/MessageReceived.c **** ********************************************************************************
 247:.\Generated_Source\PSoC4/MessageReceived.c **** *
 248:.\Generated_Source\PSoC4/MessageReceived.c **** * Summary:
 249:.\Generated_Source\PSoC4/MessageReceived.c **** *   Enables the interrupt.
 250:.\Generated_Source\PSoC4/MessageReceived.c **** *
 251:.\Generated_Source\PSoC4/MessageReceived.c **** * Parameters:
 252:.\Generated_Source\PSoC4/MessageReceived.c **** *   None
 253:.\Generated_Source\PSoC4/MessageReceived.c **** *
 254:.\Generated_Source\PSoC4/MessageReceived.c **** * Return:
 255:.\Generated_Source\PSoC4/MessageReceived.c **** *   None
 256:.\Generated_Source\PSoC4/MessageReceived.c **** *
 257:.\Generated_Source\PSoC4/MessageReceived.c **** *******************************************************************************/
 258:.\Generated_Source\PSoC4/MessageReceived.c **** void MessageReceived_Enable(void)
 259:.\Generated_Source\PSoC4/MessageReceived.c **** {
 336              		.loc 1 259 0
 337              		.cfi_startproc
 338 0000 80B5     		push	{r7, lr}
 339              		.cfi_def_cfa_offset 8
 340              		.cfi_offset 7, -8
 341              		.cfi_offset 14, -4
 342 0002 00AF     		add	r7, sp, #0
 343              		.cfi_def_cfa_register 7
 260:.\Generated_Source\PSoC4/MessageReceived.c ****     /* Enable the general interrupt. */
 261:.\Generated_Source\PSoC4/MessageReceived.c ****     *MessageReceived_INTC_SET_EN = MessageReceived__INTC_MASK;
 344              		.loc 1 261 0
 345 0004 024B     		ldr	r3, .L24
 346 0006 8022     		mov	r2, #128
 347 0008 1201     		lsl	r2, r2, #4
 348 000a 1A60     		str	r2, [r3]
 262:.\Generated_Source\PSoC4/MessageReceived.c **** }
 349              		.loc 1 262 0
 350 000c BD46     		mov	sp, r7
 351              		@ sp needed
 352 000e 80BD     		pop	{r7, pc}
 353              	.L25:
 354              		.align	2
 355              	.L24:
 356 0010 00E100E0 		.word	-536813312
 357              		.cfi_endproc
 358              	.LFE8:
 359              		.size	MessageReceived_Enable, .-MessageReceived_Enable
 360              		.section	.text.MessageReceived_GetState,"ax",%progbits
 361              		.align	2
 362              		.global	MessageReceived_GetState
 363              		.code	16
 364              		.thumb_func
ARM GAS  C:\Users\Sam\AppData\Local\Temp\ccwlycdH.s 			page 12


 365              		.type	MessageReceived_GetState, %function
 366              	MessageReceived_GetState:
 367              	.LFB9:
 263:.\Generated_Source\PSoC4/MessageReceived.c **** 
 264:.\Generated_Source\PSoC4/MessageReceived.c **** 
 265:.\Generated_Source\PSoC4/MessageReceived.c **** /*******************************************************************************
 266:.\Generated_Source\PSoC4/MessageReceived.c **** * Function Name: MessageReceived_GetState
 267:.\Generated_Source\PSoC4/MessageReceived.c **** ********************************************************************************
 268:.\Generated_Source\PSoC4/MessageReceived.c **** *
 269:.\Generated_Source\PSoC4/MessageReceived.c **** * Summary:
 270:.\Generated_Source\PSoC4/MessageReceived.c **** *   Gets the state (enabled, disabled) of the Interrupt.
 271:.\Generated_Source\PSoC4/MessageReceived.c **** *
 272:.\Generated_Source\PSoC4/MessageReceived.c **** * Parameters:
 273:.\Generated_Source\PSoC4/MessageReceived.c **** *   None
 274:.\Generated_Source\PSoC4/MessageReceived.c **** *
 275:.\Generated_Source\PSoC4/MessageReceived.c **** * Return:
 276:.\Generated_Source\PSoC4/MessageReceived.c **** *   1 if enabled, 0 if disabled.
 277:.\Generated_Source\PSoC4/MessageReceived.c **** *
 278:.\Generated_Source\PSoC4/MessageReceived.c **** *******************************************************************************/
 279:.\Generated_Source\PSoC4/MessageReceived.c **** uint8 MessageReceived_GetState(void)
 280:.\Generated_Source\PSoC4/MessageReceived.c **** {
 368              		.loc 1 280 0
 369              		.cfi_startproc
 370 0000 80B5     		push	{r7, lr}
 371              		.cfi_def_cfa_offset 8
 372              		.cfi_offset 7, -8
 373              		.cfi_offset 14, -4
 374 0002 00AF     		add	r7, sp, #0
 375              		.cfi_def_cfa_register 7
 281:.\Generated_Source\PSoC4/MessageReceived.c ****     /* Get the state of the general interrupt. */
 282:.\Generated_Source\PSoC4/MessageReceived.c ****     return ((*MessageReceived_INTC_SET_EN & (uint32)MessageReceived__INTC_MASK) != 0u) ? 1u:0u;
 376              		.loc 1 282 0
 377 0004 054B     		ldr	r3, .L30
 378 0006 1A68     		ldr	r2, [r3]
 379 0008 8023     		mov	r3, #128
 380 000a 1B01     		lsl	r3, r3, #4
 381 000c 1340     		and	r3, r2
 382 000e 01D0     		beq	.L27
 383              		.loc 1 282 0 is_stmt 0 discriminator 1
 384 0010 0123     		mov	r3, #1
 385 0012 00E0     		b	.L28
 386              	.L27:
 387              		.loc 1 282 0 discriminator 2
 388 0014 0023     		mov	r3, #0
 389              	.L28:
 283:.\Generated_Source\PSoC4/MessageReceived.c **** }
 390              		.loc 1 283 0 is_stmt 1 discriminator 3
 391 0016 181C     		mov	r0, r3
 392 0018 BD46     		mov	sp, r7
 393              		@ sp needed
 394 001a 80BD     		pop	{r7, pc}
 395              	.L31:
 396              		.align	2
 397              	.L30:
 398 001c 00E100E0 		.word	-536813312
 399              		.cfi_endproc
 400              	.LFE9:
ARM GAS  C:\Users\Sam\AppData\Local\Temp\ccwlycdH.s 			page 13


 401              		.size	MessageReceived_GetState, .-MessageReceived_GetState
 402              		.section	.text.MessageReceived_Disable,"ax",%progbits
 403              		.align	2
 404              		.global	MessageReceived_Disable
 405              		.code	16
 406              		.thumb_func
 407              		.type	MessageReceived_Disable, %function
 408              	MessageReceived_Disable:
 409              	.LFB10:
 284:.\Generated_Source\PSoC4/MessageReceived.c **** 
 285:.\Generated_Source\PSoC4/MessageReceived.c **** 
 286:.\Generated_Source\PSoC4/MessageReceived.c **** /*******************************************************************************
 287:.\Generated_Source\PSoC4/MessageReceived.c **** * Function Name: MessageReceived_Disable
 288:.\Generated_Source\PSoC4/MessageReceived.c **** ********************************************************************************
 289:.\Generated_Source\PSoC4/MessageReceived.c **** *
 290:.\Generated_Source\PSoC4/MessageReceived.c **** * Summary:
 291:.\Generated_Source\PSoC4/MessageReceived.c **** *   Disables the Interrupt.
 292:.\Generated_Source\PSoC4/MessageReceived.c **** *
 293:.\Generated_Source\PSoC4/MessageReceived.c **** * Parameters:
 294:.\Generated_Source\PSoC4/MessageReceived.c **** *   None
 295:.\Generated_Source\PSoC4/MessageReceived.c **** *
 296:.\Generated_Source\PSoC4/MessageReceived.c **** * Return:
 297:.\Generated_Source\PSoC4/MessageReceived.c **** *   None
 298:.\Generated_Source\PSoC4/MessageReceived.c **** *
 299:.\Generated_Source\PSoC4/MessageReceived.c **** *******************************************************************************/
 300:.\Generated_Source\PSoC4/MessageReceived.c **** void MessageReceived_Disable(void)
 301:.\Generated_Source\PSoC4/MessageReceived.c **** {
 410              		.loc 1 301 0
 411              		.cfi_startproc
 412 0000 80B5     		push	{r7, lr}
 413              		.cfi_def_cfa_offset 8
 414              		.cfi_offset 7, -8
 415              		.cfi_offset 14, -4
 416 0002 00AF     		add	r7, sp, #0
 417              		.cfi_def_cfa_register 7
 302:.\Generated_Source\PSoC4/MessageReceived.c ****     /* Disable the general interrupt. */
 303:.\Generated_Source\PSoC4/MessageReceived.c ****     *MessageReceived_INTC_CLR_EN = MessageReceived__INTC_MASK;
 418              		.loc 1 303 0
 419 0004 024B     		ldr	r3, .L33
 420 0006 8022     		mov	r2, #128
 421 0008 1201     		lsl	r2, r2, #4
 422 000a 1A60     		str	r2, [r3]
 304:.\Generated_Source\PSoC4/MessageReceived.c **** }
 423              		.loc 1 304 0
 424 000c BD46     		mov	sp, r7
 425              		@ sp needed
 426 000e 80BD     		pop	{r7, pc}
 427              	.L34:
 428              		.align	2
 429              	.L33:
 430 0010 80E100E0 		.word	-536813184
 431              		.cfi_endproc
 432              	.LFE10:
 433              		.size	MessageReceived_Disable, .-MessageReceived_Disable
 434              		.section	.text.MessageReceived_SetPending,"ax",%progbits
 435              		.align	2
 436              		.global	MessageReceived_SetPending
ARM GAS  C:\Users\Sam\AppData\Local\Temp\ccwlycdH.s 			page 14


 437              		.code	16
 438              		.thumb_func
 439              		.type	MessageReceived_SetPending, %function
 440              	MessageReceived_SetPending:
 441              	.LFB11:
 305:.\Generated_Source\PSoC4/MessageReceived.c **** 
 306:.\Generated_Source\PSoC4/MessageReceived.c **** 
 307:.\Generated_Source\PSoC4/MessageReceived.c **** /*******************************************************************************
 308:.\Generated_Source\PSoC4/MessageReceived.c **** * Function Name: MessageReceived_SetPending
 309:.\Generated_Source\PSoC4/MessageReceived.c **** ********************************************************************************
 310:.\Generated_Source\PSoC4/MessageReceived.c **** *
 311:.\Generated_Source\PSoC4/MessageReceived.c **** * Summary:
 312:.\Generated_Source\PSoC4/MessageReceived.c **** *   Causes the Interrupt to enter the pending state, a software method of
 313:.\Generated_Source\PSoC4/MessageReceived.c **** *   generating the interrupt.
 314:.\Generated_Source\PSoC4/MessageReceived.c **** *
 315:.\Generated_Source\PSoC4/MessageReceived.c **** * Parameters:
 316:.\Generated_Source\PSoC4/MessageReceived.c **** *   None
 317:.\Generated_Source\PSoC4/MessageReceived.c **** *
 318:.\Generated_Source\PSoC4/MessageReceived.c **** * Return:
 319:.\Generated_Source\PSoC4/MessageReceived.c **** *   None
 320:.\Generated_Source\PSoC4/MessageReceived.c **** *
 321:.\Generated_Source\PSoC4/MessageReceived.c **** *******************************************************************************/
 322:.\Generated_Source\PSoC4/MessageReceived.c **** void MessageReceived_SetPending(void)
 323:.\Generated_Source\PSoC4/MessageReceived.c **** {
 442              		.loc 1 323 0
 443              		.cfi_startproc
 444 0000 80B5     		push	{r7, lr}
 445              		.cfi_def_cfa_offset 8
 446              		.cfi_offset 7, -8
 447              		.cfi_offset 14, -4
 448 0002 00AF     		add	r7, sp, #0
 449              		.cfi_def_cfa_register 7
 324:.\Generated_Source\PSoC4/MessageReceived.c ****     *MessageReceived_INTC_SET_PD = MessageReceived__INTC_MASK;
 450              		.loc 1 324 0
 451 0004 024B     		ldr	r3, .L36
 452 0006 8022     		mov	r2, #128
 453 0008 1201     		lsl	r2, r2, #4
 454 000a 1A60     		str	r2, [r3]
 325:.\Generated_Source\PSoC4/MessageReceived.c **** }
 455              		.loc 1 325 0
 456 000c BD46     		mov	sp, r7
 457              		@ sp needed
 458 000e 80BD     		pop	{r7, pc}
 459              	.L37:
 460              		.align	2
 461              	.L36:
 462 0010 00E200E0 		.word	-536813056
 463              		.cfi_endproc
 464              	.LFE11:
 465              		.size	MessageReceived_SetPending, .-MessageReceived_SetPending
 466              		.section	.text.MessageReceived_ClearPending,"ax",%progbits
 467              		.align	2
 468              		.global	MessageReceived_ClearPending
 469              		.code	16
 470              		.thumb_func
 471              		.type	MessageReceived_ClearPending, %function
 472              	MessageReceived_ClearPending:
ARM GAS  C:\Users\Sam\AppData\Local\Temp\ccwlycdH.s 			page 15


 473              	.LFB12:
 326:.\Generated_Source\PSoC4/MessageReceived.c **** 
 327:.\Generated_Source\PSoC4/MessageReceived.c **** 
 328:.\Generated_Source\PSoC4/MessageReceived.c **** /*******************************************************************************
 329:.\Generated_Source\PSoC4/MessageReceived.c **** * Function Name: MessageReceived_ClearPending
 330:.\Generated_Source\PSoC4/MessageReceived.c **** ********************************************************************************
 331:.\Generated_Source\PSoC4/MessageReceived.c **** *
 332:.\Generated_Source\PSoC4/MessageReceived.c **** * Summary:
 333:.\Generated_Source\PSoC4/MessageReceived.c **** *   Clears a pending interrupt.
 334:.\Generated_Source\PSoC4/MessageReceived.c **** *
 335:.\Generated_Source\PSoC4/MessageReceived.c **** * Parameters:
 336:.\Generated_Source\PSoC4/MessageReceived.c **** *   None
 337:.\Generated_Source\PSoC4/MessageReceived.c **** *
 338:.\Generated_Source\PSoC4/MessageReceived.c **** * Return:
 339:.\Generated_Source\PSoC4/MessageReceived.c **** *   None
 340:.\Generated_Source\PSoC4/MessageReceived.c **** *
 341:.\Generated_Source\PSoC4/MessageReceived.c **** *******************************************************************************/
 342:.\Generated_Source\PSoC4/MessageReceived.c **** void MessageReceived_ClearPending(void)
 343:.\Generated_Source\PSoC4/MessageReceived.c **** {
 474              		.loc 1 343 0
 475              		.cfi_startproc
 476 0000 80B5     		push	{r7, lr}
 477              		.cfi_def_cfa_offset 8
 478              		.cfi_offset 7, -8
 479              		.cfi_offset 14, -4
 480 0002 00AF     		add	r7, sp, #0
 481              		.cfi_def_cfa_register 7
 344:.\Generated_Source\PSoC4/MessageReceived.c ****     *MessageReceived_INTC_CLR_PD = MessageReceived__INTC_MASK;
 482              		.loc 1 344 0
 483 0004 024B     		ldr	r3, .L39
 484 0006 8022     		mov	r2, #128
 485 0008 1201     		lsl	r2, r2, #4
 486 000a 1A60     		str	r2, [r3]
 345:.\Generated_Source\PSoC4/MessageReceived.c **** }
 487              		.loc 1 345 0
 488 000c BD46     		mov	sp, r7
 489              		@ sp needed
 490 000e 80BD     		pop	{r7, pc}
 491              	.L40:
 492              		.align	2
 493              	.L39:
 494 0010 80E200E0 		.word	-536812928
 495              		.cfi_endproc
 496              	.LFE12:
 497              		.size	MessageReceived_ClearPending, .-MessageReceived_ClearPending
 498              		.text
 499              	.Letext0:
 500              		.file 2 ".\\Generated_Source\\PSoC4/cytypes.h"
 501              		.section	.debug_info,"",%progbits
 502              	.Ldebug_info0:
 503 0000 3D020000 		.4byte	0x23d
 504 0004 0400     		.2byte	0x4
 505 0006 00000000 		.4byte	.Ldebug_abbrev0
 506 000a 04       		.byte	0x4
 507 000b 01       		.uleb128 0x1
 508 000c A9000000 		.4byte	.LASF33
 509 0010 01       		.byte	0x1
ARM GAS  C:\Users\Sam\AppData\Local\Temp\ccwlycdH.s 			page 16


 510 0011 EA020000 		.4byte	.LASF34
 511 0015 43020000 		.4byte	.LASF35
 512 0019 00000000 		.4byte	.Ldebug_ranges0+0
 513 001d 00000000 		.4byte	0
 514 0021 00000000 		.4byte	.Ldebug_line0
 515 0025 02       		.uleb128 0x2
 516 0026 01       		.byte	0x1
 517 0027 06       		.byte	0x6
 518 0028 1E030000 		.4byte	.LASF0
 519 002c 02       		.uleb128 0x2
 520 002d 01       		.byte	0x1
 521 002e 08       		.byte	0x8
 522 002f 41010000 		.4byte	.LASF1
 523 0033 02       		.uleb128 0x2
 524 0034 02       		.byte	0x2
 525 0035 05       		.byte	0x5
 526 0036 9A020000 		.4byte	.LASF2
 527 003a 02       		.uleb128 0x2
 528 003b 02       		.byte	0x2
 529 003c 07       		.byte	0x7
 530 003d 5D000000 		.4byte	.LASF3
 531 0041 02       		.uleb128 0x2
 532 0042 04       		.byte	0x4
 533 0043 05       		.byte	0x5
 534 0044 15030000 		.4byte	.LASF4
 535 0048 02       		.uleb128 0x2
 536 0049 04       		.byte	0x4
 537 004a 07       		.byte	0x7
 538 004b 5E010000 		.4byte	.LASF5
 539 004f 02       		.uleb128 0x2
 540 0050 08       		.byte	0x8
 541 0051 05       		.byte	0x5
 542 0052 16020000 		.4byte	.LASF6
 543 0056 02       		.uleb128 0x2
 544 0057 08       		.byte	0x8
 545 0058 07       		.byte	0x7
 546 0059 BC010000 		.4byte	.LASF7
 547 005d 03       		.uleb128 0x3
 548 005e 04       		.byte	0x4
 549 005f 05       		.byte	0x5
 550 0060 696E7400 		.ascii	"int\000"
 551 0064 02       		.uleb128 0x2
 552 0065 04       		.byte	0x4
 553 0066 07       		.byte	0x7
 554 0067 A7010000 		.4byte	.LASF8
 555 006b 04       		.uleb128 0x4
 556 006c 70010000 		.4byte	.LASF9
 557 0070 02       		.byte	0x2
 558 0071 A1       		.byte	0xa1
 559 0072 2C000000 		.4byte	0x2c
 560 0076 04       		.uleb128 0x4
 561 0077 A0010000 		.4byte	.LASF10
 562 007b 02       		.byte	0x2
 563 007c A3       		.byte	0xa3
 564 007d 48000000 		.4byte	0x48
 565 0081 02       		.uleb128 0x2
 566 0082 04       		.byte	0x4
ARM GAS  C:\Users\Sam\AppData\Local\Temp\ccwlycdH.s 			page 17


 567 0083 04       		.byte	0x4
 568 0084 A3000000 		.4byte	.LASF11
 569 0088 02       		.uleb128 0x2
 570 0089 08       		.byte	0x8
 571 008a 04       		.byte	0x4
 572 008b 7F010000 		.4byte	.LASF12
 573 008f 02       		.uleb128 0x2
 574 0090 01       		.byte	0x1
 575 0091 08       		.byte	0x8
 576 0092 24020000 		.4byte	.LASF13
 577 0096 05       		.uleb128 0x5
 578 0097 00000000 		.4byte	.LASF14
 579 009b 02       		.byte	0x2
 580 009c 4D01     		.2byte	0x14d
 581 009e A2000000 		.4byte	0xa2
 582 00a2 06       		.uleb128 0x6
 583 00a3 76000000 		.4byte	0x76
 584 00a7 05       		.uleb128 0x5
 585 00a8 E9010000 		.4byte	.LASF15
 586 00ac 02       		.byte	0x2
 587 00ad 5D01     		.2byte	0x15d
 588 00af B3000000 		.4byte	0xb3
 589 00b3 07       		.uleb128 0x7
 590 00b4 04       		.byte	0x4
 591 00b5 B9000000 		.4byte	0xb9
 592 00b9 08       		.uleb128 0x8
 593 00ba 02       		.uleb128 0x2
 594 00bb 04       		.byte	0x4
 595 00bc 07       		.byte	0x7
 596 00bd F6010000 		.4byte	.LASF16
 597 00c1 09       		.uleb128 0x9
 598 00c2 D3010000 		.4byte	.LASF17
 599 00c6 01       		.byte	0x1
 600 00c7 34       		.byte	0x34
 601 00c8 00000000 		.4byte	.LFB0
 602 00cc 24000000 		.4byte	.LFE0-.LFB0
 603 00d0 01       		.uleb128 0x1
 604 00d1 9C       		.byte	0x9c
 605 00d2 0A       		.uleb128 0xa
 606 00d3 70000000 		.4byte	.LASF20
 607 00d7 01       		.byte	0x1
 608 00d8 52       		.byte	0x52
 609 00d9 00000000 		.4byte	.LFB1
 610 00dd 24000000 		.4byte	.LFE1-.LFB1
 611 00e1 01       		.uleb128 0x1
 612 00e2 9C       		.byte	0x9c
 613 00e3 F6000000 		.4byte	0xf6
 614 00e7 0B       		.uleb128 0xb
 615 00e8 B4010000 		.4byte	.LASF22
 616 00ec 01       		.byte	0x1
 617 00ed 52       		.byte	0x52
 618 00ee A7000000 		.4byte	0xa7
 619 00f2 02       		.uleb128 0x2
 620 00f3 91       		.byte	0x91
 621 00f4 74       		.sleb128 -12
 622 00f5 00       		.byte	0
 623 00f6 09       		.uleb128 0x9
ARM GAS  C:\Users\Sam\AppData\Local\Temp\ccwlycdH.s 			page 18


 624 00f7 06000000 		.4byte	.LASF18
 625 00fb 01       		.byte	0x1
 626 00fc 6F       		.byte	0x6f
 627 00fd 00000000 		.4byte	.LFB2
 628 0101 18000000 		.4byte	.LFE2-.LFB2
 629 0105 01       		.uleb128 0x1
 630 0106 9C       		.byte	0x9c
 631 0107 0C       		.uleb128 0xc
 632 0108 29020000 		.4byte	.LASF19
 633 010c 01       		.byte	0x1
 634 010d 8A       		.byte	0x8a
 635 010e 00000000 		.4byte	.LFB3
 636 0112 08000000 		.4byte	.LFE3-.LFB3
 637 0116 01       		.uleb128 0x1
 638 0117 9C       		.byte	0x9c
 639 0118 0D       		.uleb128 0xd
 640 0119 86010000 		.4byte	.LASF21
 641 011d 01       		.byte	0x1
 642 011e A3       		.byte	0xa3
 643 011f 00000000 		.4byte	.LFB4
 644 0123 18000000 		.4byte	.LFE4-.LFB4
 645 0127 01       		.uleb128 0x1
 646 0128 9C       		.byte	0x9c
 647 0129 3C010000 		.4byte	0x13c
 648 012d 0B       		.uleb128 0xb
 649 012e B4010000 		.4byte	.LASF22
 650 0132 01       		.byte	0x1
 651 0133 A3       		.byte	0xa3
 652 0134 A7000000 		.4byte	0xa7
 653 0138 02       		.uleb128 0x2
 654 0139 91       		.byte	0x91
 655 013a 74       		.sleb128 -12
 656 013b 00       		.byte	0
 657 013c 0E       		.uleb128 0xe
 658 013d C1020000 		.4byte	.LASF28
 659 0141 01       		.byte	0x1
 660 0142 B7       		.byte	0xb7
 661 0143 A7000000 		.4byte	0xa7
 662 0147 00000000 		.4byte	.LFB5
 663 014b 14000000 		.4byte	.LFE5-.LFB5
 664 014f 01       		.uleb128 0x1
 665 0150 9C       		.byte	0x9c
 666 0151 0A       		.uleb128 0xa
 667 0152 1B000000 		.4byte	.LASF23
 668 0156 01       		.byte	0x1
 669 0157 CF       		.byte	0xcf
 670 0158 00000000 		.4byte	.LFB6
 671 015c 4C000000 		.4byte	.LFE6-.LFB6
 672 0160 01       		.uleb128 0x1
 673 0161 9C       		.byte	0x9c
 674 0162 91010000 		.4byte	0x191
 675 0166 0B       		.uleb128 0xb
 676 0167 76010000 		.4byte	.LASF24
 677 016b 01       		.byte	0x1
 678 016c CF       		.byte	0xcf
 679 016d 6B000000 		.4byte	0x6b
 680 0171 02       		.uleb128 0x2
ARM GAS  C:\Users\Sam\AppData\Local\Temp\ccwlycdH.s 			page 19


 681 0172 91       		.byte	0x91
 682 0173 67       		.sleb128 -25
 683 0174 0F       		.uleb128 0xf
 684 0175 4F010000 		.4byte	.LASF25
 685 0179 01       		.byte	0x1
 686 017a D1       		.byte	0xd1
 687 017b 6B000000 		.4byte	0x6b
 688 017f 02       		.uleb128 0x2
 689 0180 91       		.byte	0x91
 690 0181 6B       		.sleb128 -21
 691 0182 0F       		.uleb128 0xf
 692 0183 DB020000 		.4byte	.LASF26
 693 0187 01       		.byte	0x1
 694 0188 D2       		.byte	0xd2
 695 0189 76000000 		.4byte	0x76
 696 018d 02       		.uleb128 0x2
 697 018e 91       		.byte	0x91
 698 018f 6C       		.sleb128 -20
 699 0190 00       		.byte	0
 700 0191 10       		.uleb128 0x10
 701 0192 25010000 		.4byte	.LASF36
 702 0196 01       		.byte	0x1
 703 0197 E9       		.byte	0xe9
 704 0198 6B000000 		.4byte	0x6b
 705 019c 00000000 		.4byte	.LFB7
 706 01a0 2C000000 		.4byte	.LFE7-.LFB7
 707 01a4 01       		.uleb128 0x1
 708 01a5 9C       		.byte	0x9c
 709 01a6 C7010000 		.4byte	0x1c7
 710 01aa 0F       		.uleb128 0xf
 711 01ab 76010000 		.4byte	.LASF24
 712 01af 01       		.byte	0x1
 713 01b0 EB       		.byte	0xeb
 714 01b1 76000000 		.4byte	0x76
 715 01b5 02       		.uleb128 0x2
 716 01b6 91       		.byte	0x91
 717 01b7 70       		.sleb128 -16
 718 01b8 0F       		.uleb128 0xf
 719 01b9 DB020000 		.4byte	.LASF26
 720 01bd 01       		.byte	0x1
 721 01be EC       		.byte	0xec
 722 01bf 76000000 		.4byte	0x76
 723 01c3 02       		.uleb128 0x2
 724 01c4 91       		.byte	0x91
 725 01c5 74       		.sleb128 -12
 726 01c6 00       		.byte	0
 727 01c7 11       		.uleb128 0x11
 728 01c8 FF010000 		.4byte	.LASF27
 729 01cc 01       		.byte	0x1
 730 01cd 0201     		.2byte	0x102
 731 01cf 00000000 		.4byte	.LFB8
 732 01d3 14000000 		.4byte	.LFE8-.LFB8
 733 01d7 01       		.uleb128 0x1
 734 01d8 9C       		.byte	0x9c
 735 01d9 12       		.uleb128 0x12
 736 01da 44000000 		.4byte	.LASF29
 737 01de 01       		.byte	0x1
ARM GAS  C:\Users\Sam\AppData\Local\Temp\ccwlycdH.s 			page 20


 738 01df 1701     		.2byte	0x117
 739 01e1 6B000000 		.4byte	0x6b
 740 01e5 00000000 		.4byte	.LFB9
 741 01e9 20000000 		.4byte	.LFE9-.LFB9
 742 01ed 01       		.uleb128 0x1
 743 01ee 9C       		.byte	0x9c
 744 01ef 11       		.uleb128 0x11
 745 01f0 2A030000 		.4byte	.LASF30
 746 01f4 01       		.byte	0x1
 747 01f5 2C01     		.2byte	0x12c
 748 01f7 00000000 		.4byte	.LFB10
 749 01fb 14000000 		.4byte	.LFE10-.LFB10
 750 01ff 01       		.uleb128 0x1
 751 0200 9C       		.byte	0x9c
 752 0201 11       		.uleb128 0x11
 753 0202 88000000 		.4byte	.LASF31
 754 0206 01       		.byte	0x1
 755 0207 4201     		.2byte	0x142
 756 0209 00000000 		.4byte	.LFB11
 757 020d 14000000 		.4byte	.LFE11-.LFB11
 758 0211 01       		.uleb128 0x1
 759 0212 9C       		.byte	0x9c
 760 0213 11       		.uleb128 0x11
 761 0214 A4020000 		.4byte	.LASF32
 762 0218 01       		.byte	0x1
 763 0219 5601     		.2byte	0x156
 764 021b 00000000 		.4byte	.LFB12
 765 021f 14000000 		.4byte	.LFE12-.LFB12
 766 0223 01       		.uleb128 0x1
 767 0224 9C       		.byte	0x9c
 768 0225 13       		.uleb128 0x13
 769 0226 A7000000 		.4byte	0xa7
 770 022a 35020000 		.4byte	0x235
 771 022e 14       		.uleb128 0x14
 772 022f BA000000 		.4byte	0xba
 773 0233 2F       		.byte	0x2f
 774 0234 00       		.byte	0
 775 0235 15       		.uleb128 0x15
 776 0236 37000000 		.4byte	.LASF37
 777 023a 01       		.byte	0x1
 778 023b 20       		.byte	0x20
 779 023c 25020000 		.4byte	0x225
 780 0240 00       		.byte	0
 781              		.section	.debug_abbrev,"",%progbits
 782              	.Ldebug_abbrev0:
 783 0000 01       		.uleb128 0x1
 784 0001 11       		.uleb128 0x11
 785 0002 01       		.byte	0x1
 786 0003 25       		.uleb128 0x25
 787 0004 0E       		.uleb128 0xe
 788 0005 13       		.uleb128 0x13
 789 0006 0B       		.uleb128 0xb
 790 0007 03       		.uleb128 0x3
 791 0008 0E       		.uleb128 0xe
 792 0009 1B       		.uleb128 0x1b
 793 000a 0E       		.uleb128 0xe
 794 000b 55       		.uleb128 0x55
ARM GAS  C:\Users\Sam\AppData\Local\Temp\ccwlycdH.s 			page 21


 795 000c 17       		.uleb128 0x17
 796 000d 11       		.uleb128 0x11
 797 000e 01       		.uleb128 0x1
 798 000f 10       		.uleb128 0x10
 799 0010 17       		.uleb128 0x17
 800 0011 00       		.byte	0
 801 0012 00       		.byte	0
 802 0013 02       		.uleb128 0x2
 803 0014 24       		.uleb128 0x24
 804 0015 00       		.byte	0
 805 0016 0B       		.uleb128 0xb
 806 0017 0B       		.uleb128 0xb
 807 0018 3E       		.uleb128 0x3e
 808 0019 0B       		.uleb128 0xb
 809 001a 03       		.uleb128 0x3
 810 001b 0E       		.uleb128 0xe
 811 001c 00       		.byte	0
 812 001d 00       		.byte	0
 813 001e 03       		.uleb128 0x3
 814 001f 24       		.uleb128 0x24
 815 0020 00       		.byte	0
 816 0021 0B       		.uleb128 0xb
 817 0022 0B       		.uleb128 0xb
 818 0023 3E       		.uleb128 0x3e
 819 0024 0B       		.uleb128 0xb
 820 0025 03       		.uleb128 0x3
 821 0026 08       		.uleb128 0x8
 822 0027 00       		.byte	0
 823 0028 00       		.byte	0
 824 0029 04       		.uleb128 0x4
 825 002a 16       		.uleb128 0x16
 826 002b 00       		.byte	0
 827 002c 03       		.uleb128 0x3
 828 002d 0E       		.uleb128 0xe
 829 002e 3A       		.uleb128 0x3a
 830 002f 0B       		.uleb128 0xb
 831 0030 3B       		.uleb128 0x3b
 832 0031 0B       		.uleb128 0xb
 833 0032 49       		.uleb128 0x49
 834 0033 13       		.uleb128 0x13
 835 0034 00       		.byte	0
 836 0035 00       		.byte	0
 837 0036 05       		.uleb128 0x5
 838 0037 16       		.uleb128 0x16
 839 0038 00       		.byte	0
 840 0039 03       		.uleb128 0x3
 841 003a 0E       		.uleb128 0xe
 842 003b 3A       		.uleb128 0x3a
 843 003c 0B       		.uleb128 0xb
 844 003d 3B       		.uleb128 0x3b
 845 003e 05       		.uleb128 0x5
 846 003f 49       		.uleb128 0x49
 847 0040 13       		.uleb128 0x13
 848 0041 00       		.byte	0
 849 0042 00       		.byte	0
 850 0043 06       		.uleb128 0x6
 851 0044 35       		.uleb128 0x35
ARM GAS  C:\Users\Sam\AppData\Local\Temp\ccwlycdH.s 			page 22


 852 0045 00       		.byte	0
 853 0046 49       		.uleb128 0x49
 854 0047 13       		.uleb128 0x13
 855 0048 00       		.byte	0
 856 0049 00       		.byte	0
 857 004a 07       		.uleb128 0x7
 858 004b 0F       		.uleb128 0xf
 859 004c 00       		.byte	0
 860 004d 0B       		.uleb128 0xb
 861 004e 0B       		.uleb128 0xb
 862 004f 49       		.uleb128 0x49
 863 0050 13       		.uleb128 0x13
 864 0051 00       		.byte	0
 865 0052 00       		.byte	0
 866 0053 08       		.uleb128 0x8
 867 0054 15       		.uleb128 0x15
 868 0055 00       		.byte	0
 869 0056 27       		.uleb128 0x27
 870 0057 19       		.uleb128 0x19
 871 0058 00       		.byte	0
 872 0059 00       		.byte	0
 873 005a 09       		.uleb128 0x9
 874 005b 2E       		.uleb128 0x2e
 875 005c 00       		.byte	0
 876 005d 3F       		.uleb128 0x3f
 877 005e 19       		.uleb128 0x19
 878 005f 03       		.uleb128 0x3
 879 0060 0E       		.uleb128 0xe
 880 0061 3A       		.uleb128 0x3a
 881 0062 0B       		.uleb128 0xb
 882 0063 3B       		.uleb128 0x3b
 883 0064 0B       		.uleb128 0xb
 884 0065 27       		.uleb128 0x27
 885 0066 19       		.uleb128 0x19
 886 0067 11       		.uleb128 0x11
 887 0068 01       		.uleb128 0x1
 888 0069 12       		.uleb128 0x12
 889 006a 06       		.uleb128 0x6
 890 006b 40       		.uleb128 0x40
 891 006c 18       		.uleb128 0x18
 892 006d 9642     		.uleb128 0x2116
 893 006f 19       		.uleb128 0x19
 894 0070 00       		.byte	0
 895 0071 00       		.byte	0
 896 0072 0A       		.uleb128 0xa
 897 0073 2E       		.uleb128 0x2e
 898 0074 01       		.byte	0x1
 899 0075 3F       		.uleb128 0x3f
 900 0076 19       		.uleb128 0x19
 901 0077 03       		.uleb128 0x3
 902 0078 0E       		.uleb128 0xe
 903 0079 3A       		.uleb128 0x3a
 904 007a 0B       		.uleb128 0xb
 905 007b 3B       		.uleb128 0x3b
 906 007c 0B       		.uleb128 0xb
 907 007d 27       		.uleb128 0x27
 908 007e 19       		.uleb128 0x19
ARM GAS  C:\Users\Sam\AppData\Local\Temp\ccwlycdH.s 			page 23


 909 007f 11       		.uleb128 0x11
 910 0080 01       		.uleb128 0x1
 911 0081 12       		.uleb128 0x12
 912 0082 06       		.uleb128 0x6
 913 0083 40       		.uleb128 0x40
 914 0084 18       		.uleb128 0x18
 915 0085 9642     		.uleb128 0x2116
 916 0087 19       		.uleb128 0x19
 917 0088 01       		.uleb128 0x1
 918 0089 13       		.uleb128 0x13
 919 008a 00       		.byte	0
 920 008b 00       		.byte	0
 921 008c 0B       		.uleb128 0xb
 922 008d 05       		.uleb128 0x5
 923 008e 00       		.byte	0
 924 008f 03       		.uleb128 0x3
 925 0090 0E       		.uleb128 0xe
 926 0091 3A       		.uleb128 0x3a
 927 0092 0B       		.uleb128 0xb
 928 0093 3B       		.uleb128 0x3b
 929 0094 0B       		.uleb128 0xb
 930 0095 49       		.uleb128 0x49
 931 0096 13       		.uleb128 0x13
 932 0097 02       		.uleb128 0x2
 933 0098 18       		.uleb128 0x18
 934 0099 00       		.byte	0
 935 009a 00       		.byte	0
 936 009b 0C       		.uleb128 0xc
 937 009c 2E       		.uleb128 0x2e
 938 009d 00       		.byte	0
 939 009e 3F       		.uleb128 0x3f
 940 009f 19       		.uleb128 0x19
 941 00a0 03       		.uleb128 0x3
 942 00a1 0E       		.uleb128 0xe
 943 00a2 3A       		.uleb128 0x3a
 944 00a3 0B       		.uleb128 0xb
 945 00a4 3B       		.uleb128 0x3b
 946 00a5 0B       		.uleb128 0xb
 947 00a6 27       		.uleb128 0x27
 948 00a7 19       		.uleb128 0x19
 949 00a8 11       		.uleb128 0x11
 950 00a9 01       		.uleb128 0x1
 951 00aa 12       		.uleb128 0x12
 952 00ab 06       		.uleb128 0x6
 953 00ac 40       		.uleb128 0x40
 954 00ad 18       		.uleb128 0x18
 955 00ae 9742     		.uleb128 0x2117
 956 00b0 19       		.uleb128 0x19
 957 00b1 00       		.byte	0
 958 00b2 00       		.byte	0
 959 00b3 0D       		.uleb128 0xd
 960 00b4 2E       		.uleb128 0x2e
 961 00b5 01       		.byte	0x1
 962 00b6 3F       		.uleb128 0x3f
 963 00b7 19       		.uleb128 0x19
 964 00b8 03       		.uleb128 0x3
 965 00b9 0E       		.uleb128 0xe
ARM GAS  C:\Users\Sam\AppData\Local\Temp\ccwlycdH.s 			page 24


 966 00ba 3A       		.uleb128 0x3a
 967 00bb 0B       		.uleb128 0xb
 968 00bc 3B       		.uleb128 0x3b
 969 00bd 0B       		.uleb128 0xb
 970 00be 27       		.uleb128 0x27
 971 00bf 19       		.uleb128 0x19
 972 00c0 11       		.uleb128 0x11
 973 00c1 01       		.uleb128 0x1
 974 00c2 12       		.uleb128 0x12
 975 00c3 06       		.uleb128 0x6
 976 00c4 40       		.uleb128 0x40
 977 00c5 18       		.uleb128 0x18
 978 00c6 9742     		.uleb128 0x2117
 979 00c8 19       		.uleb128 0x19
 980 00c9 01       		.uleb128 0x1
 981 00ca 13       		.uleb128 0x13
 982 00cb 00       		.byte	0
 983 00cc 00       		.byte	0
 984 00cd 0E       		.uleb128 0xe
 985 00ce 2E       		.uleb128 0x2e
 986 00cf 00       		.byte	0
 987 00d0 3F       		.uleb128 0x3f
 988 00d1 19       		.uleb128 0x19
 989 00d2 03       		.uleb128 0x3
 990 00d3 0E       		.uleb128 0xe
 991 00d4 3A       		.uleb128 0x3a
 992 00d5 0B       		.uleb128 0xb
 993 00d6 3B       		.uleb128 0x3b
 994 00d7 0B       		.uleb128 0xb
 995 00d8 27       		.uleb128 0x27
 996 00d9 19       		.uleb128 0x19
 997 00da 49       		.uleb128 0x49
 998 00db 13       		.uleb128 0x13
 999 00dc 11       		.uleb128 0x11
 1000 00dd 01       		.uleb128 0x1
 1001 00de 12       		.uleb128 0x12
 1002 00df 06       		.uleb128 0x6
 1003 00e0 40       		.uleb128 0x40
 1004 00e1 18       		.uleb128 0x18
 1005 00e2 9742     		.uleb128 0x2117
 1006 00e4 19       		.uleb128 0x19
 1007 00e5 00       		.byte	0
 1008 00e6 00       		.byte	0
 1009 00e7 0F       		.uleb128 0xf
 1010 00e8 34       		.uleb128 0x34
 1011 00e9 00       		.byte	0
 1012 00ea 03       		.uleb128 0x3
 1013 00eb 0E       		.uleb128 0xe
 1014 00ec 3A       		.uleb128 0x3a
 1015 00ed 0B       		.uleb128 0xb
 1016 00ee 3B       		.uleb128 0x3b
 1017 00ef 0B       		.uleb128 0xb
 1018 00f0 49       		.uleb128 0x49
 1019 00f1 13       		.uleb128 0x13
 1020 00f2 02       		.uleb128 0x2
 1021 00f3 18       		.uleb128 0x18
 1022 00f4 00       		.byte	0
ARM GAS  C:\Users\Sam\AppData\Local\Temp\ccwlycdH.s 			page 25


 1023 00f5 00       		.byte	0
 1024 00f6 10       		.uleb128 0x10
 1025 00f7 2E       		.uleb128 0x2e
 1026 00f8 01       		.byte	0x1
 1027 00f9 3F       		.uleb128 0x3f
 1028 00fa 19       		.uleb128 0x19
 1029 00fb 03       		.uleb128 0x3
 1030 00fc 0E       		.uleb128 0xe
 1031 00fd 3A       		.uleb128 0x3a
 1032 00fe 0B       		.uleb128 0xb
 1033 00ff 3B       		.uleb128 0x3b
 1034 0100 0B       		.uleb128 0xb
 1035 0101 27       		.uleb128 0x27
 1036 0102 19       		.uleb128 0x19
 1037 0103 49       		.uleb128 0x49
 1038 0104 13       		.uleb128 0x13
 1039 0105 11       		.uleb128 0x11
 1040 0106 01       		.uleb128 0x1
 1041 0107 12       		.uleb128 0x12
 1042 0108 06       		.uleb128 0x6
 1043 0109 40       		.uleb128 0x40
 1044 010a 18       		.uleb128 0x18
 1045 010b 9742     		.uleb128 0x2117
 1046 010d 19       		.uleb128 0x19
 1047 010e 01       		.uleb128 0x1
 1048 010f 13       		.uleb128 0x13
 1049 0110 00       		.byte	0
 1050 0111 00       		.byte	0
 1051 0112 11       		.uleb128 0x11
 1052 0113 2E       		.uleb128 0x2e
 1053 0114 00       		.byte	0
 1054 0115 3F       		.uleb128 0x3f
 1055 0116 19       		.uleb128 0x19
 1056 0117 03       		.uleb128 0x3
 1057 0118 0E       		.uleb128 0xe
 1058 0119 3A       		.uleb128 0x3a
 1059 011a 0B       		.uleb128 0xb
 1060 011b 3B       		.uleb128 0x3b
 1061 011c 05       		.uleb128 0x5
 1062 011d 27       		.uleb128 0x27
 1063 011e 19       		.uleb128 0x19
 1064 011f 11       		.uleb128 0x11
 1065 0120 01       		.uleb128 0x1
 1066 0121 12       		.uleb128 0x12
 1067 0122 06       		.uleb128 0x6
 1068 0123 40       		.uleb128 0x40
 1069 0124 18       		.uleb128 0x18
 1070 0125 9742     		.uleb128 0x2117
 1071 0127 19       		.uleb128 0x19
 1072 0128 00       		.byte	0
 1073 0129 00       		.byte	0
 1074 012a 12       		.uleb128 0x12
 1075 012b 2E       		.uleb128 0x2e
 1076 012c 00       		.byte	0
 1077 012d 3F       		.uleb128 0x3f
 1078 012e 19       		.uleb128 0x19
 1079 012f 03       		.uleb128 0x3
ARM GAS  C:\Users\Sam\AppData\Local\Temp\ccwlycdH.s 			page 26


 1080 0130 0E       		.uleb128 0xe
 1081 0131 3A       		.uleb128 0x3a
 1082 0132 0B       		.uleb128 0xb
 1083 0133 3B       		.uleb128 0x3b
 1084 0134 05       		.uleb128 0x5
 1085 0135 27       		.uleb128 0x27
 1086 0136 19       		.uleb128 0x19
 1087 0137 49       		.uleb128 0x49
 1088 0138 13       		.uleb128 0x13
 1089 0139 11       		.uleb128 0x11
 1090 013a 01       		.uleb128 0x1
 1091 013b 12       		.uleb128 0x12
 1092 013c 06       		.uleb128 0x6
 1093 013d 40       		.uleb128 0x40
 1094 013e 18       		.uleb128 0x18
 1095 013f 9742     		.uleb128 0x2117
 1096 0141 19       		.uleb128 0x19
 1097 0142 00       		.byte	0
 1098 0143 00       		.byte	0
 1099 0144 13       		.uleb128 0x13
 1100 0145 01       		.uleb128 0x1
 1101 0146 01       		.byte	0x1
 1102 0147 49       		.uleb128 0x49
 1103 0148 13       		.uleb128 0x13
 1104 0149 01       		.uleb128 0x1
 1105 014a 13       		.uleb128 0x13
 1106 014b 00       		.byte	0
 1107 014c 00       		.byte	0
 1108 014d 14       		.uleb128 0x14
 1109 014e 21       		.uleb128 0x21
 1110 014f 00       		.byte	0
 1111 0150 49       		.uleb128 0x49
 1112 0151 13       		.uleb128 0x13
 1113 0152 2F       		.uleb128 0x2f
 1114 0153 0B       		.uleb128 0xb
 1115 0154 00       		.byte	0
 1116 0155 00       		.byte	0
 1117 0156 15       		.uleb128 0x15
 1118 0157 34       		.uleb128 0x34
 1119 0158 00       		.byte	0
 1120 0159 03       		.uleb128 0x3
 1121 015a 0E       		.uleb128 0xe
 1122 015b 3A       		.uleb128 0x3a
 1123 015c 0B       		.uleb128 0xb
 1124 015d 3B       		.uleb128 0x3b
 1125 015e 0B       		.uleb128 0xb
 1126 015f 49       		.uleb128 0x49
 1127 0160 13       		.uleb128 0x13
 1128 0161 3F       		.uleb128 0x3f
 1129 0162 19       		.uleb128 0x19
 1130 0163 3C       		.uleb128 0x3c
 1131 0164 19       		.uleb128 0x19
 1132 0165 00       		.byte	0
 1133 0166 00       		.byte	0
 1134 0167 00       		.byte	0
 1135              		.section	.debug_aranges,"",%progbits
 1136 0000 7C000000 		.4byte	0x7c
ARM GAS  C:\Users\Sam\AppData\Local\Temp\ccwlycdH.s 			page 27


 1137 0004 0200     		.2byte	0x2
 1138 0006 00000000 		.4byte	.Ldebug_info0
 1139 000a 04       		.byte	0x4
 1140 000b 00       		.byte	0
 1141 000c 0000     		.2byte	0
 1142 000e 0000     		.2byte	0
 1143 0010 00000000 		.4byte	.LFB0
 1144 0014 24000000 		.4byte	.LFE0-.LFB0
 1145 0018 00000000 		.4byte	.LFB1
 1146 001c 24000000 		.4byte	.LFE1-.LFB1
 1147 0020 00000000 		.4byte	.LFB2
 1148 0024 18000000 		.4byte	.LFE2-.LFB2
 1149 0028 00000000 		.4byte	.LFB3
 1150 002c 08000000 		.4byte	.LFE3-.LFB3
 1151 0030 00000000 		.4byte	.LFB4
 1152 0034 18000000 		.4byte	.LFE4-.LFB4
 1153 0038 00000000 		.4byte	.LFB5
 1154 003c 14000000 		.4byte	.LFE5-.LFB5
 1155 0040 00000000 		.4byte	.LFB6
 1156 0044 4C000000 		.4byte	.LFE6-.LFB6
 1157 0048 00000000 		.4byte	.LFB7
 1158 004c 2C000000 		.4byte	.LFE7-.LFB7
 1159 0050 00000000 		.4byte	.LFB8
 1160 0054 14000000 		.4byte	.LFE8-.LFB8
 1161 0058 00000000 		.4byte	.LFB9
 1162 005c 20000000 		.4byte	.LFE9-.LFB9
 1163 0060 00000000 		.4byte	.LFB10
 1164 0064 14000000 		.4byte	.LFE10-.LFB10
 1165 0068 00000000 		.4byte	.LFB11
 1166 006c 14000000 		.4byte	.LFE11-.LFB11
 1167 0070 00000000 		.4byte	.LFB12
 1168 0074 14000000 		.4byte	.LFE12-.LFB12
 1169 0078 00000000 		.4byte	0
 1170 007c 00000000 		.4byte	0
 1171              		.section	.debug_ranges,"",%progbits
 1172              	.Ldebug_ranges0:
 1173 0000 00000000 		.4byte	.LFB0
 1174 0004 24000000 		.4byte	.LFE0
 1175 0008 00000000 		.4byte	.LFB1
 1176 000c 24000000 		.4byte	.LFE1
 1177 0010 00000000 		.4byte	.LFB2
 1178 0014 18000000 		.4byte	.LFE2
 1179 0018 00000000 		.4byte	.LFB3
 1180 001c 08000000 		.4byte	.LFE3
 1181 0020 00000000 		.4byte	.LFB4
 1182 0024 18000000 		.4byte	.LFE4
 1183 0028 00000000 		.4byte	.LFB5
 1184 002c 14000000 		.4byte	.LFE5
 1185 0030 00000000 		.4byte	.LFB6
 1186 0034 4C000000 		.4byte	.LFE6
 1187 0038 00000000 		.4byte	.LFB7
 1188 003c 2C000000 		.4byte	.LFE7
 1189 0040 00000000 		.4byte	.LFB8
 1190 0044 14000000 		.4byte	.LFE8
 1191 0048 00000000 		.4byte	.LFB9
 1192 004c 20000000 		.4byte	.LFE9
 1193 0050 00000000 		.4byte	.LFB10
ARM GAS  C:\Users\Sam\AppData\Local\Temp\ccwlycdH.s 			page 28


 1194 0054 14000000 		.4byte	.LFE10
 1195 0058 00000000 		.4byte	.LFB11
 1196 005c 14000000 		.4byte	.LFE11
 1197 0060 00000000 		.4byte	.LFB12
 1198 0064 14000000 		.4byte	.LFE12
 1199 0068 00000000 		.4byte	0
 1200 006c 00000000 		.4byte	0
 1201              		.section	.debug_line,"",%progbits
 1202              	.Ldebug_line0:
 1203 0000 5A010000 		.section	.debug_str,"MS",%progbits,1
 1203      02004E00 
 1203      00000201 
 1203      FB0E0D00 
 1203      01010101 
 1204              	.LASF14:
 1205 0000 72656733 		.ascii	"reg32\000"
 1205      3200
 1206              	.LASF18:
 1207 0006 4D657373 		.ascii	"MessageReceived_Stop\000"
 1207      61676552 
 1207      65636569 
 1207      7665645F 
 1207      53746F70 
 1208              	.LASF23:
 1209 001b 4D657373 		.ascii	"MessageReceived_SetPriority\000"
 1209      61676552 
 1209      65636569 
 1209      7665645F 
 1209      53657450 
 1210              	.LASF37:
 1211 0037 43795261 		.ascii	"CyRamVectors\000"
 1211      6D566563 
 1211      746F7273 
 1211      00
 1212              	.LASF29:
 1213 0044 4D657373 		.ascii	"MessageReceived_GetState\000"
 1213      61676552 
 1213      65636569 
 1213      7665645F 
 1213      47657453 
 1214              	.LASF3:
 1215 005d 73686F72 		.ascii	"short unsigned int\000"
 1215      7420756E 
 1215      7369676E 
 1215      65642069 
 1215      6E7400
 1216              	.LASF20:
 1217 0070 4D657373 		.ascii	"MessageReceived_StartEx\000"
 1217      61676552 
 1217      65636569 
 1217      7665645F 
 1217      53746172 
 1218              	.LASF31:
 1219 0088 4D657373 		.ascii	"MessageReceived_SetPending\000"
 1219      61676552 
 1219      65636569 
 1219      7665645F 
ARM GAS  C:\Users\Sam\AppData\Local\Temp\ccwlycdH.s 			page 29


 1219      53657450 
 1220              	.LASF11:
 1221 00a3 666C6F61 		.ascii	"float\000"
 1221      7400
 1222              	.LASF33:
 1223 00a9 474E5520 		.ascii	"GNU C 4.8.4 20140526 (release) [ARM/embedded-4_8-br"
 1223      4320342E 
 1223      382E3420 
 1223      32303134 
 1223      30353236 
 1224 00dc 616E6368 		.ascii	"anch revision 211358] -mcpu=cortex-m0 -mthumb -g -O"
 1224      20726576 
 1224      6973696F 
 1224      6E203231 
 1224      31333538 
 1225 010f 30202D66 		.ascii	"0 -ffunction-sections\000"
 1225      66756E63 
 1225      74696F6E 
 1225      2D736563 
 1225      74696F6E 
 1226              	.LASF36:
 1227 0125 4D657373 		.ascii	"MessageReceived_GetPriority\000"
 1227      61676552 
 1227      65636569 
 1227      7665645F 
 1227      47657450 
 1228              	.LASF1:
 1229 0141 756E7369 		.ascii	"unsigned char\000"
 1229      676E6564 
 1229      20636861 
 1229      7200
 1230              	.LASF25:
 1231 014f 696E7465 		.ascii	"interruptState\000"
 1231      72727570 
 1231      74537461 
 1231      746500
 1232              	.LASF5:
 1233 015e 6C6F6E67 		.ascii	"long unsigned int\000"
 1233      20756E73 
 1233      69676E65 
 1233      6420696E 
 1233      7400
 1234              	.LASF9:
 1235 0170 75696E74 		.ascii	"uint8\000"
 1235      3800
 1236              	.LASF24:
 1237 0176 7072696F 		.ascii	"priority\000"
 1237      72697479 
 1237      00
 1238              	.LASF12:
 1239 017f 646F7562 		.ascii	"double\000"
 1239      6C6500
 1240              	.LASF21:
 1241 0186 4D657373 		.ascii	"MessageReceived_SetVector\000"
 1241      61676552 
 1241      65636569 
 1241      7665645F 
ARM GAS  C:\Users\Sam\AppData\Local\Temp\ccwlycdH.s 			page 30


 1241      53657456 
 1242              	.LASF10:
 1243 01a0 75696E74 		.ascii	"uint32\000"
 1243      333200
 1244              	.LASF8:
 1245 01a7 756E7369 		.ascii	"unsigned int\000"
 1245      676E6564 
 1245      20696E74 
 1245      00
 1246              	.LASF22:
 1247 01b4 61646472 		.ascii	"address\000"
 1247      65737300 
 1248              	.LASF7:
 1249 01bc 6C6F6E67 		.ascii	"long long unsigned int\000"
 1249      206C6F6E 
 1249      6720756E 
 1249      7369676E 
 1249      65642069 
 1250              	.LASF17:
 1251 01d3 4D657373 		.ascii	"MessageReceived_Start\000"
 1251      61676552 
 1251      65636569 
 1251      7665645F 
 1251      53746172 
 1252              	.LASF15:
 1253 01e9 63796973 		.ascii	"cyisraddress\000"
 1253      72616464 
 1253      72657373 
 1253      00
 1254              	.LASF16:
 1255 01f6 73697A65 		.ascii	"sizetype\000"
 1255      74797065 
 1255      00
 1256              	.LASF27:
 1257 01ff 4D657373 		.ascii	"MessageReceived_Enable\000"
 1257      61676552 
 1257      65636569 
 1257      7665645F 
 1257      456E6162 
 1258              	.LASF6:
 1259 0216 6C6F6E67 		.ascii	"long long int\000"
 1259      206C6F6E 
 1259      6720696E 
 1259      7400
 1260              	.LASF13:
 1261 0224 63686172 		.ascii	"char\000"
 1261      00
 1262              	.LASF19:
 1263 0229 4D657373 		.ascii	"MessageReceived_Interrupt\000"
 1263      61676552 
 1263      65636569 
 1263      7665645F 
 1263      496E7465 
 1264              	.LASF35:
 1265 0243 433A5C55 		.ascii	"C:\\Users\\Sam\\OneDrive\\Github\\PSoC-4-Motor-Cont"
 1265      73657273 
 1265      5C53616D 
ARM GAS  C:\Users\Sam\AppData\Local\Temp\ccwlycdH.s 			page 31


 1265      5C4F6E65 
 1265      44726976 
 1266 0271 726F6C6C 		.ascii	"roller\\PSoC 4 Encoder Modbus Slave.cydsn\000"
 1266      65725C50 
 1266      536F4320 
 1266      3420456E 
 1266      636F6465 
 1267              	.LASF2:
 1268 029a 73686F72 		.ascii	"short int\000"
 1268      7420696E 
 1268      7400
 1269              	.LASF32:
 1270 02a4 4D657373 		.ascii	"MessageReceived_ClearPending\000"
 1270      61676552 
 1270      65636569 
 1270      7665645F 
 1270      436C6561 
 1271              	.LASF28:
 1272 02c1 4D657373 		.ascii	"MessageReceived_GetVector\000"
 1272      61676552 
 1272      65636569 
 1272      7665645F 
 1272      47657456 
 1273              	.LASF26:
 1274 02db 7072696F 		.ascii	"priorityOffset\000"
 1274      72697479 
 1274      4F666673 
 1274      657400
 1275              	.LASF34:
 1276 02ea 2E5C4765 		.ascii	".\\Generated_Source\\PSoC4\\MessageReceived.c\000"
 1276      6E657261 
 1276      7465645F 
 1276      536F7572 
 1276      63655C50 
 1277              	.LASF4:
 1278 0315 6C6F6E67 		.ascii	"long int\000"
 1278      20696E74 
 1278      00
 1279              	.LASF0:
 1280 031e 7369676E 		.ascii	"signed char\000"
 1280      65642063 
 1280      68617200 
 1281              	.LASF30:
 1282 032a 4D657373 		.ascii	"MessageReceived_Disable\000"
 1282      61676552 
 1282      65636569 
 1282      7665645F 
 1282      44697361 
 1283              		.ident	"GCC: (GNU Tools for ARM Embedded Processors) 4.8.4 20140526 (release) [ARM/embedded-4_8-br
